#
# A fatal error has been detected by the Java Runtime Environment:
#
#  EXCEPTION_ACCESS_VIOLATION (0xc0000005) at pc=0x00007ffb9d313d53, pid=25124, tid=16224
#
# JRE version: OpenJDK Runtime Environment Microsoft-9889606 (21.0.4+7) (build 21.0.4+7-LTS)
# Java VM: OpenJDK 64-Bit Server VM Microsoft-9889606 (21.0.4+7-LTS, mixed mode, tiered, compressed oops, compressed class ptrs, g1 gc, windows-amd64)
# Problematic frame:
# C  [awt.dll+0xc3d53]
#
# No core dump will be written. Minidumps are not enabled by default on client versions of Windows
#
# If you would like to submit a bug report, please visit:
#   https://github.com/microsoft/openjdk/issues
# The crash happened outside the Java Virtual Machine in native code.
# See problematic frame for where to report the bug.
#

---------------  S U M M A R Y ------------

Command Line: -Djpackage.app-version=4.0.0 -Djpackage.app-path=C:\Program Files\logisim-evolution\logisim-evolution.exe com.cburch.logisim.Main C:\Users\othma\PARM\ALU.circ

Host: 13th Gen Intel(R) Core(TM) i7-13620H, 16 cores, 15G,  Windows 11 , 64 bit Build 26100 (10.0.26100.7623)
Time: Wed Jan 28 17:56:59 2026 Paris, Madrid elapsed time: 72684.867828 seconds (0d 20h 11m 24s)

---------------  T H R E A D  ---------------

Current thread (0x000001f9b46c3bf0):  JavaThread "AWT-Windows" daemon [_thread_in_native, id=16224, stack(0x0000003b55b00000,0x0000003b55c00000) (1024K)]

Stack: [0x0000003b55b00000,0x0000003b55c00000],  sp=0x0000003b55bfe3d8,  free space=1016k
Native frames: (J=compiled Java code, j=interpreted, Vv=VM code, C=native code)
C  [awt.dll+0xc3d53]

Java frames: (J=compiled Java code, j=interpreted, Vv=VM code)
j  sun.awt.windows.WToolkit.eventLoop()V+0 java.desktop@21.0.4
j  sun.awt.windows.WToolkit.run()V+50 java.desktop@21.0.4
j  java.lang.Thread.runWith(Ljava/lang/Object;Ljava/lang/Runnable;)V+5 java.base@21.0.4
j  java.lang.Thread.run()V+19 java.base@21.0.4
v  ~StubRoutines::call_stub 0x000001f9a3f0100d

siginfo: EXCEPTION_ACCESS_VIOLATION (0xc0000005), reading address 0xffffffffffffffff


Registers:
RAX=0xffffffff810113ca, RBX=0x000001f9b9bd57c0, RCX=0x8000020000000000, RDX=0xffffffff810113ca
RSP=0x0000003b55bfe3d8, RBP=0x0000003b55bfe4e9, RSI=0xffffffff810113ca, RDI=0x0000000000000000
R8 =0x0000000000000001, R9 =0x0000003b53e34000, R10=0x0000000000000000, R11=0x0000000000000246
R12=0x00007ffb9d250000, R13=0x0000000000000310, R14=0x0000000000000000, R15=0x0000000000000001
RIP=0x00007ffb9d313d53, EFLAGS=0x0000000000010286


Register to memory mapping:

RAX=0xffffffff810113ca is an unknown value
RBX=0x000001f9b9bd57c0 points into unknown readable memory: 0x000001f9bacd7860 | 60 78 cd ba f9 01 00 00
RCX=0x8000020000000000 is an unknown value
RDX=0xffffffff810113ca is an unknown value
RSP=0x0000003b55bfe3d8 is pointing into the stack for thread: 0x000001f9b46c3bf0
RBP=0x0000003b55bfe4e9 is pointing into the stack for thread: 0x000001f9b46c3bf0
RSI=0xffffffff810113ca is an unknown value
RDI=0x0 is null
R8 =0x0000000000000001 is an unknown value
R9 =0x0000003b53e34000 points into unknown readable memory: 0x0000000000000000 | 00 00 00 00 00 00 00 00
R10=0x0 is null
R11=0x0000000000000246 is an unknown value
R12=0x00007ffb9d250000 awt.dll
R13=0x0000000000000310 is an unknown value
R14=0x0 is null
R15=0x0000000000000001 is an unknown value

Top of Stack: (sp=0x0000003b55bfe3d8)
0x0000003b55bfe3d8:   00007ffb9d32be32 00007ffb9d38a848
0x0000003b55bfe3e8:   ffffffff810113ca 0000388653ec289f
0x0000003b55bfe3f8:   000000000030089c 0000000000000000
0x0000003b55bfe408:   00007ffb9d2e7a6c ffffffff810113ca
0x0000003b55bfe418:   000001f9bb092d20 000001f9b9bd57c0
0x0000003b55bfe428:   000001f9bb092d20 000001f9bb092d20
0x0000003b55bfe438:   00007ffb9d2e7b16 0000000000000001
0x0000003b55bfe448:   0000000000000000 0000003b55bfe548
0x0000003b55bfe458:   00007ffbf8becec8 000001f9bb092d20
0x0000003b55bfe468:   00007ffb9d2e4e98 000001f9bb092d20
0x0000003b55bfe478:   0000000000000000 00007ffb9d2e7ff0
0x0000003b55bfe488:   00007ffc2753a3ee 0000000000000002
0x0000003b55bfe498:   00007ffc25de09c9 0000003b55bfe540
0x0000003b55bfe4a8:   0000000000000001 0000000000000000
0x0000003b55bfe4b8:   0000003b55bfe548 0000000000000000
0x0000003b55bfe4c8:   0000000000000000 0000000000000000
0x0000003b55bfe4d8:   000001f9b46c3fa8 000001f9bb092dc0
0x0000003b55bfe4e8:   0000000000000000 0000000000000000
0x0000003b55bfe4f8:   0000388653ec2e0f 0000000000000000
0x0000003b55bfe508:   0000000000000000 0000000000000000
0x0000003b55bfe518:   0000000000000000 0000000000000000
0x0000003b55bfe528:   0000000000000310 0000000000000000
0x0000003b55bfe538:   000001f9bb092d20 000001f9bb092d20
0x0000003b55bfe548:   00007ffb9d33102c 0000000000000000
0x0000003b55bfe558:   0000c51fdab43a4a 0000cff585a1d1af
0x0000003b55bfe568:   0000000000000022 000000000000c254
0x0000003b55bfe578:   0000000000000000 0000000000000000
0x0000003b55bfe588:   00007ffc25db7a19 0000000000000000
0x0000003b55bfe598:   0000000000000001 0000000000000022
0x0000003b55bfe5a8:   00007ffc2752a6af 000000000030089c
0x0000003b55bfe5b8:   00007ffc25db8cfa ffffffffffffffeb
0x0000003b55bfe5c8:   0000388653ec2f2f 000001f99789beb0 

Instructions: (pc=0x00007ffb9d313d53)
0x00007ffb9d313c53:   00 00 0f 11 40 80 0f 10 41 a0 0f 11 48 90 0f 10
0x00007ffb9d313c63:   49 b0 0f 11 40 a0 0f 10 41 c0 0f 11 48 b0 0f 10
0x00007ffb9d313c73:   49 d0 0f 11 40 c0 0f 10 41 e0 0f 11 48 d0 0f 10
0x00007ffb9d313c83:   49 f0 0f 11 40 e0 0f 11 48 f0 48 83 ea 01 75 ad
0x00007ffb9d313c93:   0f 10 01 0f 10 49 10 0f 11 00 0f 10 41 20 0f 11
0x00007ffb9d313ca3:   48 10 0f 11 40 20 49 8b ce 41 c7 06 00 03 00 01
0x00007ffb9d313cb3:   bb 00 01 00 00 ff 15 ba f9 07 00 4c 8b c6 48 89
0x00007ffb9d313cc3:   86 08 0c 00 00 4c 2b c7 48 8d 57 02 90 0f b6 42
0x00007ffb9d313cd3:   ff 0f b6 4a fe 48 8d 52 04 c1 e1 08 0b c8 0f b6
0x00007ffb9d313ce3:   42 fc c1 e1 08 0b c8 81 c9 00 00 00 ff 41 89 4c
0x00007ffb9d313cf3:   10 fa 48 83 eb 01 75 d5 49 8b ce e8 d5 7a 02 00
0x00007ffb9d313d03:   48 8b 5c 24 30 48 8b c6 48 8b 74 24 38 48 8b 7c
0x00007ffb9d313d13:   24 40 48 83 c4 20 41 5e c3 cc cc cc cc 48 83 b9
0x00007ffb9d313d23:   08 0c 00 00 00 74 1c 83 3d 1b 13 08 00 00 75 09
0x00007ffb9d313d33:   83 3d 26 34 08 00 00 74 0a 48 8b ca 48 ff 25 1a
0x00007ffb9d313d43:   f9 07 00 c3 cc cc cc cc cc cc cc cc cc 48 8b c2
0x00007ffb9d313d53:   48 8b 91 08 0c 00 00 48 85 d2 74 0d 45 33 c0 48
0x00007ffb9d313d63:   8b c8 48 ff 25 ec f8 07 00 33 c0 c3 cc 48 89 5c
0x00007ffb9d313d73:   24 10 48 89 6c 24 18 48 89 74 24 20 57 41 54 41
0x00007ffb9d313d83:   55 41 56 41 57 48 81 ec 30 05 00 00 48 8b 05 6a
0x00007ffb9d313d93:   eb 07 00 48 33 c4 48 89 84 24 20 05 00 00 48 8b
0x00007ffb9d313da3:   f9 48 8b 89 10 0c 00 00 e8 00 73 01 00 48 8b f0
0x00007ffb9d313db3:   48 85 c0 0f 84 51 03 00 00 ba 0c 00 00 00 48 8b
0x00007ffb9d313dc3:   c8 ff 15 96 f9 07 00 48 8b 8f 10 0c 00 00 48 8b
0x00007ffb9d313dd3:   d6 8b d8 e8 35 7b 01 00 83 fb 08 0f 85 29 03 00
0x00007ffb9d313de3:   00 48 8b 8f 10 0c 00 00 e8 c0 72 01 00 41 bd 00
0x00007ffb9d313df3:   01 00 00 4c 8d 4c 24 20 45 8b c5 33 d2 48 8b c8
0x00007ffb9d313e03:   4c 8b f0 ff 15 94 f7 07 00 45 33 e4 8b e8 85 c0
0x00007ffb9d313e13:   0f 8f e9 00 00 00 b9 08 04 00 00 e8 bd 79 02 00
0x00007ffb9d313e23:   48 8b d8 48 85 c0 75 08 41 8b ec e9 cf 00 00 00
0x00007ffb9d313e33:   c7 00 00 03 00 01 41 8b cc 48 83 c0 05 88 48 ff
0x00007ffb9d313e43:   ff c1 66 44 89 20 c6 40 02 02 48 8d 40 04 41 3b 


Stack slot to memory mapping:

stack at sp + 0 slots: 0x00007ffb9d32be32 awt.dll
stack at sp + 1 slots: 0x00007ffb9d38a848 awt.dll
stack at sp + 2 slots: 0xffffffff810113ca is an unknown value
stack at sp + 3 slots: 0x0000388653ec289f is an unknown value
stack at sp + 4 slots: 0x000000000030089c is an unknown value
stack at sp + 5 slots: 0x0 is null
stack at sp + 6 slots: 0x00007ffb9d2e7a6c awt.dll
stack at sp + 7 slots: 0xffffffff810113ca is an unknown value


---------------  P R O C E S S  ---------------

Threads class SMR info:
_java_thread_list=0x000001f9ba0a2840, length=20, elements={
0x000001f9b42436c0, 0x000001f9b4237c70, 0x000001f9b4248380, 0x000001f9b42489f0,
0x000001f9b4251d90, 0x000001f9b4257260, 0x000001f9b425bf50, 0x000001f9b4260430,
0x000001f9b43bce60, 0x000001f9b43d2eb0, 0x000001f9b46b7240, 0x000001f9b46c2ff0,
0x000001f9b46c3bf0, 0x000001f9b470f380, 0x000001f9b9d21050, 0x000001f9ba1c2810,
0x000001f9ba505410, 0x000001f9ba5046f0, 0x000001f9ba504d80, 0x000001f9ba506130
}

Java Threads: ( => current thread )
  0x000001f9b42436c0 JavaThread "Reference Handler"          daemon [_thread_blocked, id=22096, stack(0x0000003b54c00000,0x0000003b54d00000) (1024K)]
  0x000001f9b4237c70 JavaThread "Finalizer"                  daemon [_thread_blocked, id=28188, stack(0x0000003b54d00000,0x0000003b54e00000) (1024K)]
  0x000001f9b4248380 JavaThread "Signal Dispatcher"          daemon [_thread_blocked, id=29536, stack(0x0000003b54e00000,0x0000003b54f00000) (1024K)]
  0x000001f9b42489f0 JavaThread "Attach Listener"            daemon [_thread_blocked, id=22920, stack(0x0000003b54f00000,0x0000003b55000000) (1024K)]
  0x000001f9b4251d90 JavaThread "Service Thread"             daemon [_thread_blocked, id=22608, stack(0x0000003b55000000,0x0000003b55100000) (1024K)]
  0x000001f9b4257260 JavaThread "Monitor Deflation Thread"   daemon [_thread_blocked, id=30300, stack(0x0000003b55100000,0x0000003b55200000) (1024K)]
  0x000001f9b425bf50 JavaThread "C2 CompilerThread0"         daemon [_thread_blocked, id=2764, stack(0x0000003b55200000,0x0000003b55300000) (1024K)]
  0x000001f9b4260430 JavaThread "C1 CompilerThread0"         daemon [_thread_blocked, id=28776, stack(0x0000003b55300000,0x0000003b55400000) (1024K)]
  0x000001f9b43bce60 JavaThread "Notification Thread"        daemon [_thread_blocked, id=29060, stack(0x0000003b55400000,0x0000003b55500000) (1024K)]
  0x000001f9b43d2eb0 JavaThread "Common-Cleaner"             daemon [_thread_blocked, id=23708, stack(0x0000003b55500000,0x0000003b55600000) (1024K)]
  0x000001f9b46b7240 JavaThread "Java2D Disposer"            daemon [_thread_blocked, id=11392, stack(0x0000003b55900000,0x0000003b55a00000) (1024K)]
  0x000001f9b46c2ff0 JavaThread "AWT-Shutdown"                      [_thread_blocked, id=28656, stack(0x0000003b55a00000,0x0000003b55b00000) (1024K)]
=>0x000001f9b46c3bf0 JavaThread "AWT-Windows"                daemon [_thread_in_native, id=16224, stack(0x0000003b55b00000,0x0000003b55c00000) (1024K)]
  0x000001f9b470f380 JavaThread "Event Dispatch Thread"      daemon [_thread_blocked, id=18740, stack(0x0000003b55800000,0x0000003b55900000) (1024K)]
  0x000001f9b9d21050 JavaThread "AWT-EventQueue-0"                  [_thread_in_native, id=20408, stack(0x0000003b56700000,0x0000003b56800000) (1024K)]
  0x000001f9ba1c2810 JavaThread "AutosaveThread-0-0"                [_thread_blocked, id=10972, stack(0x0000003b57100000,0x0000003b57200000) (1024K)]
  0x000001f9ba505410 JavaThread "SimThread-0"                       [_thread_blocked, id=6460, stack(0x0000003b57300000,0x0000003b57400000) (1024K)]
  0x000001f9ba5046f0 JavaThread "DestroyJavaVM"                     [_thread_blocked, id=23752, stack(0x0000003b54400000,0x0000003b54500000) (1024K)]
  0x000001f9ba504d80 JavaThread "Timer-0"                           [_thread_blocked, id=27632, stack(0x0000003b57500000,0x0000003b57600000) (1024K)]
  0x000001f9ba506130 JavaThread "TimerQueue"                 daemon [_thread_blocked, id=25056, stack(0x0000003b56800000,0x0000003b56900000) (1024K)]
Total: 20

Other Threads:
  0x000001f9b41870c0 VMThread "VM Thread"                           [id=22000, stack(0x0000003b54b00000,0x0000003b54c00000) (1024K)]
  0x000001f9b35936f0 WatcherThread "VM Periodic Task Thread"        [id=4024, stack(0x0000003b54a00000,0x0000003b54b00000) (1024K)]
  0x000001f999696d20 WorkerThread "GC Thread#0"                     [id=5332, stack(0x0000003b54500000,0x0000003b54600000) (1024K)]
  0x000001f9b4cb8300 WorkerThread "GC Thread#1"                     [id=23844, stack(0x0000003b56000000,0x0000003b56100000) (1024K)]
  0x000001f9b4cb86a0 WorkerThread "GC Thread#2"                     [id=26776, stack(0x0000003b56100000,0x0000003b56200000) (1024K)]
  0x000001f9ba004c40 WorkerThread "GC Thread#3"                     [id=15528, stack(0x0000003b56200000,0x0000003b56300000) (1024K)]
  0x000001f9ba004fe0 WorkerThread "GC Thread#4"                     [id=27004, stack(0x0000003b56300000,0x0000003b56400000) (1024K)]
  0x000001f9ba005380 WorkerThread "GC Thread#5"                     [id=15520, stack(0x0000003b56400000,0x0000003b56500000) (1024K)]
  0x000001f9b9e72cf0 WorkerThread "GC Thread#6"                     [id=21912, stack(0x0000003b56500000,0x0000003b56600000) (1024K)]
  0x000001f9b9e9fa00 WorkerThread "GC Thread#7"                     [id=30240, stack(0x0000003b55e00000,0x0000003b55f00000) (1024K)]
  0x000001f9b9c68a00 WorkerThread "GC Thread#8"                     [id=20972, stack(0x0000003b55f00000,0x0000003b56000000) (1024K)]
  0x000001f9ba060f40 WorkerThread "GC Thread#9"                     [id=24916, stack(0x0000003b56600000,0x0000003b56700000) (1024K)]
  0x000001f9ba060460 WorkerThread "GC Thread#10"                    [id=28476, stack(0x0000003b56a00000,0x0000003b56b00000) (1024K)]
  0x000001f9ba0612e0 WorkerThread "GC Thread#11"                    [id=26176, stack(0x0000003b56b00000,0x0000003b56c00000) (1024K)]
  0x000001f9ba060ba0 WorkerThread "GC Thread#12"                    [id=24064, stack(0x0000003b57400000,0x0000003b57500000) (1024K)]
  0x000001f9996a77c0 ConcurrentGCThread "G1 Main Marker"            [id=5600, stack(0x0000003b54600000,0x0000003b54700000) (1024K)]
  0x000001f9996a84c0 WorkerThread "G1 Conc#0"                       [id=28584, stack(0x0000003b54700000,0x0000003b54800000) (1024K)]
  0x000001f9ba061680 WorkerThread "G1 Conc#1"                       [id=3520, stack(0x0000003b56c00000,0x0000003b56d00000) (1024K)]
  0x000001f9ba0600c0 WorkerThread "G1 Conc#2"                       [id=29812, stack(0x0000003b56d00000,0x0000003b56e00000) (1024K)]
  0x000001f9996de820 ConcurrentGCThread "G1 Refine#0"               [id=22080, stack(0x0000003b54800000,0x0000003b54900000) (1024K)]
  0x000001f9b3469060 ConcurrentGCThread "G1 Service"                [id=23772, stack(0x0000003b54900000,0x0000003b54a00000) (1024K)]
Total: 21

Threads with active compile tasks:
Total: 0

VM state: not at safepoint (normal execution)

VM Mutex/Monitor currently owned by a thread: None

Heap address: 0x0000000705400000, size: 4012 MB, Compressed Oops mode: Zero based, Oop shift amount: 3

CDS archive(s) not mapped
Compressed class space mapped at: 0x0000000800000000-0x0000000840000000, reserved size: 1073741824
Narrow klass base: 0x0000000800000000, Narrow klass shift: 0, Narrow klass range: 0x40000000

GC Precious Log:
 CardTable entry size: 512
 Card Set container configuration: InlinePtr #cards 4 size 8 Array Of Cards #cards 16 size 48 Howl #buckets 8 coarsen threshold 3686 Howl Bitmap #cards 512 size 80 coarsen threshold 460 Card regions per heap region 1 cards per card region 4096
 CPUs: 16 total, 16 available
 Memory: 16044M
 Large Page Support: Disabled
 NUMA Support: Disabled
 Compressed Oops: Enabled (Zero based)
 Heap Region Size: 2M
 Heap Min Capacity: 8M
 Heap Initial Capacity: 252M
 Heap Max Capacity: 4012M
 Pre-touch: Disabled
 Parallel Workers: 13
 Concurrent Workers: 3
 Concurrent Refinement Workers: 13
 Periodic GC: Disabled

Heap:
 garbage-first heap   total 151552K, used 48177K [0x0000000705400000, 0x0000000800000000)
  region size 2048K, 14 young (28672K), 1 survivors (2048K)
 Metaspace       used 35806K, committed 36096K, reserved 1114112K
  class space    used 4108K, committed 4224K, reserved 1048576K

Heap Regions: E=young(eden), S=young(survivor), O=old, HS=humongous(starts), HC=humongous(continues), CS=collection set, F=free, TAMS=top-at-mark-start, PB=parsable bottom
|   0|0x0000000705400000, 0x0000000705600000, 0x0000000705600000|100%|HS|  |TAMS 0x0000000705400000| PB 0x0000000705400000| Complete 
|   1|0x0000000705600000, 0x0000000705800000, 0x0000000705800000|100%| O|  |TAMS 0x0000000705600000| PB 0x0000000705600000| Untracked 
|   2|0x0000000705800000, 0x0000000705a00000, 0x0000000705a00000|100%| O|  |TAMS 0x0000000705800000| PB 0x0000000705800000| Untracked 
|   3|0x0000000705a00000, 0x0000000705c00000, 0x0000000705c00000|100%| O|  |TAMS 0x0000000705a00000| PB 0x0000000705a00000| Untracked 
|   4|0x0000000705c00000, 0x0000000705e00000, 0x0000000705e00000|100%| O|  |TAMS 0x0000000705c00000| PB 0x0000000705c00000| Untracked 
|   5|0x0000000705e00000, 0x0000000706000000, 0x0000000706000000|100%|HS|  |TAMS 0x0000000705e00000| PB 0x0000000705e00000| Complete 
|   6|0x0000000706000000, 0x0000000706200000, 0x0000000706200000|100%|HC|  |TAMS 0x0000000706000000| PB 0x0000000706000000| Complete 
|   7|0x0000000706200000, 0x0000000706400000, 0x0000000706400000|100%|HC|  |TAMS 0x0000000706200000| PB 0x0000000706200000| Complete 
|   8|0x0000000706400000, 0x0000000706600000, 0x0000000706600000|100%|HC|  |TAMS 0x0000000706400000| PB 0x0000000706400000| Complete 
|   9|0x0000000706600000, 0x0000000706800000, 0x0000000706800000|100%|HC|  |TAMS 0x0000000706600000| PB 0x0000000706600000| Complete 
|  10|0x0000000706800000, 0x0000000706a00000, 0x0000000706a00000|100%| O|  |TAMS 0x0000000706800000| PB 0x0000000706800000| Untracked 
|  11|0x0000000706a00000, 0x0000000706ab5960, 0x0000000706c00000| 35%| O|  |TAMS 0x0000000706a00000| PB 0x0000000706a00000| Untracked 
|  12|0x0000000706c00000, 0x0000000706c00000, 0x0000000706e00000|  0%| F|  |TAMS 0x0000000706c00000| PB 0x0000000706c00000| Untracked 
|  13|0x0000000706e00000, 0x0000000706e00000, 0x0000000707000000|  0%| F|  |TAMS 0x0000000706e00000| PB 0x0000000706e00000| Untracked 
|  14|0x0000000707000000, 0x0000000707000000, 0x0000000707200000|  0%| F|  |TAMS 0x0000000707000000| PB 0x0000000707000000| Untracked 
|  15|0x0000000707200000, 0x0000000707200000, 0x0000000707400000|  0%| F|  |TAMS 0x0000000707200000| PB 0x0000000707200000| Untracked 
|  16|0x0000000707400000, 0x0000000707400000, 0x0000000707600000|  0%| F|  |TAMS 0x0000000707400000| PB 0x0000000707400000| Untracked 
|  17|0x0000000707600000, 0x0000000707600000, 0x0000000707800000|  0%| F|  |TAMS 0x0000000707600000| PB 0x0000000707600000| Untracked 
|  18|0x0000000707800000, 0x0000000707800000, 0x0000000707a00000|  0%| F|  |TAMS 0x0000000707800000| PB 0x0000000707800000| Untracked 
|  19|0x0000000707a00000, 0x0000000707a00000, 0x0000000707c00000|  0%| F|  |TAMS 0x0000000707a00000| PB 0x0000000707a00000| Untracked 
|  20|0x0000000707c00000, 0x0000000707c00000, 0x0000000707e00000|  0%| F|  |TAMS 0x0000000707c00000| PB 0x0000000707c00000| Untracked 
|  21|0x0000000707e00000, 0x0000000707e00000, 0x0000000708000000|  0%| F|  |TAMS 0x0000000707e00000| PB 0x0000000707e00000| Untracked 
|  22|0x0000000708000000, 0x0000000708000000, 0x0000000708200000|  0%| F|  |TAMS 0x0000000708000000| PB 0x0000000708000000| Untracked 
|  23|0x0000000708200000, 0x0000000708200000, 0x0000000708400000|  0%| F|  |TAMS 0x0000000708200000| PB 0x0000000708200000| Untracked 
|  24|0x0000000708400000, 0x0000000708400000, 0x0000000708600000|  0%| F|  |TAMS 0x0000000708400000| PB 0x0000000708400000| Untracked 
|  25|0x0000000708600000, 0x0000000708600000, 0x0000000708800000|  0%| F|  |TAMS 0x0000000708600000| PB 0x0000000708600000| Untracked 
|  26|0x0000000708800000, 0x0000000708800000, 0x0000000708a00000|  0%| F|  |TAMS 0x0000000708800000| PB 0x0000000708800000| Untracked 
|  27|0x0000000708a00000, 0x0000000708a00000, 0x0000000708c00000|  0%| F|  |TAMS 0x0000000708a00000| PB 0x0000000708a00000| Untracked 
|  28|0x0000000708c00000, 0x0000000708c00000, 0x0000000708e00000|  0%| F|  |TAMS 0x0000000708c00000| PB 0x0000000708c00000| Untracked 
|  29|0x0000000708e00000, 0x0000000708e56cb8, 0x0000000709000000| 16%| S|CS|TAMS 0x0000000708e00000| PB 0x0000000708e00000| Complete 
|  30|0x0000000709000000, 0x0000000709000000, 0x0000000709200000|  0%| F|  |TAMS 0x0000000709000000| PB 0x0000000709000000| Untracked 
|  31|0x0000000709200000, 0x0000000709200000, 0x0000000709400000|  0%| F|  |TAMS 0x0000000709200000| PB 0x0000000709200000| Untracked 
|  32|0x0000000709400000, 0x0000000709400000, 0x0000000709600000|  0%| F|  |TAMS 0x0000000709400000| PB 0x0000000709400000| Untracked 
|  33|0x0000000709600000, 0x0000000709600000, 0x0000000709800000|  0%| F|  |TAMS 0x0000000709600000| PB 0x0000000709600000| Untracked 
|  34|0x0000000709800000, 0x0000000709800000, 0x0000000709a00000|  0%| F|  |TAMS 0x0000000709800000| PB 0x0000000709800000| Untracked 
|  35|0x0000000709a00000, 0x0000000709a00000, 0x0000000709c00000|  0%| F|  |TAMS 0x0000000709a00000| PB 0x0000000709a00000| Untracked 
|  36|0x0000000709c00000, 0x0000000709c00000, 0x0000000709e00000|  0%| F|  |TAMS 0x0000000709c00000| PB 0x0000000709c00000| Untracked 
|  37|0x0000000709e00000, 0x0000000709e00000, 0x000000070a000000|  0%| F|  |TAMS 0x0000000709e00000| PB 0x0000000709e00000| Untracked 
|  38|0x000000070a000000, 0x000000070a000000, 0x000000070a200000|  0%| F|  |TAMS 0x000000070a000000| PB 0x000000070a000000| Untracked 
|  39|0x000000070a200000, 0x000000070a200000, 0x000000070a400000|  0%| F|  |TAMS 0x000000070a200000| PB 0x000000070a200000| Untracked 
|  40|0x000000070a400000, 0x000000070a400000, 0x000000070a600000|  0%| F|  |TAMS 0x000000070a400000| PB 0x000000070a400000| Untracked 
|  41|0x000000070a600000, 0x000000070a600000, 0x000000070a800000|  0%| F|  |TAMS 0x000000070a600000| PB 0x000000070a600000| Untracked 
|  42|0x000000070a800000, 0x000000070a800000, 0x000000070aa00000|  0%| F|  |TAMS 0x000000070a800000| PB 0x000000070a800000| Untracked 
|  43|0x000000070aa00000, 0x000000070aa00000, 0x000000070ac00000|  0%| F|  |TAMS 0x000000070aa00000| PB 0x000000070aa00000| Untracked 
|  44|0x000000070ac00000, 0x000000070ac00000, 0x000000070ae00000|  0%| F|  |TAMS 0x000000070ac00000| PB 0x000000070ac00000| Untracked 
|  45|0x000000070ae00000, 0x000000070ae00000, 0x000000070b000000|  0%| F|  |TAMS 0x000000070ae00000| PB 0x000000070ae00000| Untracked 
|  46|0x000000070b000000, 0x000000070b000000, 0x000000070b200000|  0%| F|  |TAMS 0x000000070b000000| PB 0x000000070b000000| Untracked 
|  47|0x000000070b200000, 0x000000070b200000, 0x000000070b400000|  0%| F|  |TAMS 0x000000070b200000| PB 0x000000070b200000| Untracked 
|  48|0x000000070b400000, 0x000000070b400000, 0x000000070b600000|  0%| F|  |TAMS 0x000000070b400000| PB 0x000000070b400000| Untracked 
|  49|0x000000070b600000, 0x000000070b600000, 0x000000070b800000|  0%| F|  |TAMS 0x000000070b600000| PB 0x000000070b600000| Untracked 
|  50|0x000000070b800000, 0x000000070b800000, 0x000000070ba00000|  0%| F|  |TAMS 0x000000070b800000| PB 0x000000070b800000| Untracked 
|  51|0x000000070ba00000, 0x000000070ba00000, 0x000000070bc00000|  0%| F|  |TAMS 0x000000070ba00000| PB 0x000000070ba00000| Untracked 
|  52|0x000000070bc00000, 0x000000070bc00000, 0x000000070be00000|  0%| F|  |TAMS 0x000000070bc00000| PB 0x000000070bc00000| Untracked 
|  53|0x000000070be00000, 0x000000070be00000, 0x000000070c000000|  0%| F|  |TAMS 0x000000070be00000| PB 0x000000070be00000| Untracked 
|  54|0x000000070c000000, 0x000000070c000000, 0x000000070c200000|  0%| F|  |TAMS 0x000000070c000000| PB 0x000000070c000000| Untracked 
|  55|0x000000070c200000, 0x000000070c200000, 0x000000070c400000|  0%| F|  |TAMS 0x000000070c200000| PB 0x000000070c200000| Untracked 
|  56|0x000000070c400000, 0x000000070c400000, 0x000000070c600000|  0%| F|  |TAMS 0x000000070c400000| PB 0x000000070c400000| Untracked 
|  57|0x000000070c600000, 0x000000070c600000, 0x000000070c800000|  0%| F|  |TAMS 0x000000070c600000| PB 0x000000070c600000| Untracked 
|  58|0x000000070c800000, 0x000000070c800000, 0x000000070ca00000|  0%| F|  |TAMS 0x000000070c800000| PB 0x000000070c800000| Untracked 
|  59|0x000000070ca00000, 0x000000070ca00000, 0x000000070cc00000|  0%| F|  |TAMS 0x000000070ca00000| PB 0x000000070ca00000| Untracked 
|  60|0x000000070cc00000, 0x000000070cc00000, 0x000000070ce00000|  0%| F|  |TAMS 0x000000070cc00000| PB 0x000000070cc00000| Untracked 
|  61|0x000000070ce00000, 0x000000070ce096e0, 0x000000070d000000|  1%| E|  |TAMS 0x000000070ce00000| PB 0x000000070ce00000| Complete 
|  62|0x000000070d000000, 0x000000070d200000, 0x000000070d200000|100%| E|CS|TAMS 0x000000070d000000| PB 0x000000070d000000| Complete 
|  63|0x000000070d200000, 0x000000070d400000, 0x000000070d400000|100%| E|CS|TAMS 0x000000070d200000| PB 0x000000070d200000| Complete 
|  64|0x000000070d400000, 0x000000070d600000, 0x000000070d600000|100%| E|CS|TAMS 0x000000070d400000| PB 0x000000070d400000| Complete 
|  65|0x000000070d600000, 0x000000070d800000, 0x000000070d800000|100%| E|CS|TAMS 0x000000070d600000| PB 0x000000070d600000| Complete 
|  66|0x000000070d800000, 0x000000070da00000, 0x000000070da00000|100%| E|CS|TAMS 0x000000070d800000| PB 0x000000070d800000| Complete 
|  67|0x000000070da00000, 0x000000070dc00000, 0x000000070dc00000|100%| E|CS|TAMS 0x000000070da00000| PB 0x000000070da00000| Complete 
| 117|0x0000000713e00000, 0x0000000714000000, 0x0000000714000000|100%| E|CS|TAMS 0x0000000713e00000| PB 0x0000000713e00000| Complete 
| 118|0x0000000714000000, 0x0000000714200000, 0x0000000714200000|100%| E|CS|TAMS 0x0000000714000000| PB 0x0000000714000000| Complete 
| 119|0x0000000714200000, 0x0000000714400000, 0x0000000714400000|100%| E|CS|TAMS 0x0000000714200000| PB 0x0000000714200000| Complete 
| 124|0x0000000714c00000, 0x0000000714e00000, 0x0000000714e00000|100%| E|CS|TAMS 0x0000000714c00000| PB 0x0000000714c00000| Complete 
| 125|0x0000000714e00000, 0x0000000715000000, 0x0000000715000000|100%| E|CS|TAMS 0x0000000714e00000| PB 0x0000000714e00000| Complete 
|2005|0x00000007ffe00000, 0x0000000800000000, 0x0000000800000000|100%| E|CS|TAMS 0x00000007ffe00000| PB 0x00000007ffe00000| Complete 

Card table byte_map: [0x000001f9acb20000,0x000001f9ad300000] _byte_map_base: 0x000001f9a92f6000

Marking Bits: (CMBitMap*) 0x000001f999697420
 Bits: [0x000001f9ad300000, 0x000001f9b11b0000)

Polling page: 0x000001f9971c0000

Metaspace:

Usage:
  Non-class:     30.96 MB used.
      Class:      4.01 MB used.
       Both:     34.97 MB used.

Virtual space:
  Non-class space:       64.00 MB reserved,      31.12 MB ( 49%) committed,  1 nodes.
      Class space:        1.00 GB reserved,       4.12 MB ( <1%) committed,  1 nodes.
             Both:        1.06 GB reserved,      35.25 MB (  3%) committed. 

Chunk freelists:
   Non-Class:  704.00 KB
       Class:  11.69 MB
        Both:  12.38 MB

MaxMetaspaceSize: unlimited
CompressedClassSpaceSize: 1.00 GB
Initial GC threshold: 21.00 MB
Current GC threshold: 56.88 MB
CDS: off
 - commit_granule_bytes: 65536.
 - commit_granule_words: 8192.
 - virtual_space_node_default_size: 8388608.
 - enlarge_chunks_in_place: 1.
 - use_allocation_guard: 0.


Internal statistics:

num_allocs_failed_limit: 3.
num_arena_births: 376.
num_arena_deaths: 0.
num_vsnodes_births: 2.
num_vsnodes_deaths: 0.
num_space_committed: 564.
num_space_uncommitted: 0.
num_chunks_returned_to_freelist: 3.
num_chunks_taken_from_freelist: 912.
num_chunk_merges: 3.
num_chunk_splits: 588.
num_chunks_enlarged: 392.
num_inconsistent_stats: 0.

CodeHeap 'non-profiled nmethods': size=119168Kb used=3514Kb max_used=3514Kb free=115654Kb
 bounds [0x000001f9a4650000, 0x000001f9a49c0000, 0x000001f9abab0000]
CodeHeap 'profiled nmethods': size=119104Kb used=11995Kb max_used=11995Kb free=107108Kb
 bounds [0x000001f99cab0000, 0x000001f99d670000, 0x000001f9a3f00000]
CodeHeap 'non-nmethods': size=7488Kb used=1845Kb max_used=3563Kb free=5642Kb
 bounds [0x000001f9a3f00000, 0x000001f9a4290000, 0x000001f9a4650000]
 total_blobs=6517 nmethods=5665 adapters=752
 compilation: enabled
              stopped_count=0, restarted_count=0
 full_count=0

Compilation events (20 events):
Event: 4948.219 Thread 0x000001f9b425bf50 nmethod 6135 0x000001f9a49bdd90 code [0x000001f9a49bdf00, 0x000001f9a49bdf88]
Event: 4948.219 Thread 0x000001f9b4260430 nmethod 6132 0x000001f99d65d190 code [0x000001f99d65d3c0, 0x000001f99d65dbb0]
Event: 4948.219 Thread 0x000001f9b4260430 6133       3       sun.awt.image.BufImgSurfaceData::createData (909 bytes)
Event: 4948.221 Thread 0x000001f9b4260430 nmethod 6133 0x000001f99d65de10 code [0x000001f99d65e380, 0x000001f99d661540]
Event: 4948.221 Thread 0x000001f9b4260430 6134       3       sun.awt.image.BufImgSurfaceData::createDataIC (75 bytes)
Event: 4948.221 Thread 0x000001f9b4260430 nmethod 6134 0x000001f99d662310 code [0x000001f99d662560, 0x000001f99d662f50]
Event: 59131.700 Thread 0x000001f9b4260430 6136   !   3       java.lang.Thread::sleep (82 bytes)
Event: 59131.702 Thread 0x000001f9b4260430 nmethod 6136 0x000001f99d663310 code [0x000001f99d663540, 0x000001f99d663dc8]
Event: 59131.702 Thread 0x000001f9b4260430 6137   !   3       java.lang.Thread::beforeSleep (33 bytes)
Event: 59131.702 Thread 0x000001f9b4260430 nmethod 6137 0x000001f99d664110 code [0x000001f99d6642c0, 0x000001f99d664488]
Event: 59131.702 Thread 0x000001f9b4260430 6138       3       jdk.internal.event.ThreadSleepEvent::isTurnedOn (7 bytes)
Event: 59131.702 Thread 0x000001f9b4260430 nmethod 6138 0x000001f99d664590 code [0x000001f99d664720, 0x000001f99d664870]
Event: 63474.309 Thread 0x000001f9b4260430 6140       3       java.util.concurrent.locks.AbstractQueuedSynchronizer$ConditionObject::unlinkCancelledWaiters (91 bytes)
Event: 63474.310 Thread 0x000001f9b4260430 nmethod 6140 0x000001f99d664910 code [0x000001f99d664ae0, 0x000001f99d664f98]
Event: 66294.686 Thread 0x000001f9b4260430 6141       3       java.lang.ref.ReferenceQueue::await (15 bytes)
Event: 66294.688 Thread 0x000001f9b4260430 nmethod 6141 0x000001f99d665110 code [0x000001f99d6652c0, 0x000001f99d665468]
Event: 66294.688 Thread 0x000001f9b4260430 6142       3       java.util.concurrent.locks.AbstractQueuedSynchronizer$ConditionObject::await (207 bytes)
Event: 66294.693 Thread 0x000001f9b4260430 nmethod 6142 0x000001f99d665590 code [0x000001f99d665880, 0x000001f99d6667a0]
Event: 71335.451 Thread 0x000001f9b425bf50 6143       4       java.util.concurrent.locks.ReentrantLock$Sync::tryRelease (51 bytes)
Event: 71335.453 Thread 0x000001f9b425bf50 nmethod 6143 0x000001f9a49be490 code [0x000001f9a49be600, 0x000001f9a49be730]

GC Heap History (20 events):
Event: 1.522 GC heap before
{Heap before GC invocations=2 (full 0):
 garbage-first heap   total 258048K, used 13392K [0x0000000705400000, 0x0000000800000000)
  region size 2048K, 8 young (16384K), 2 survivors (4096K)
 Metaspace       used 21244K, committed 21504K, reserved 1114112K
  class space    used 2403K, committed 2496K, reserved 1048576K
}
Event: 1.525 GC heap after
{Heap after GC invocations=3 (full 0):
 garbage-first heap   total 258048K, used 7832K [0x0000000705400000, 0x0000000800000000)
  region size 2048K, 3 young (6144K), 3 survivors (6144K)
 Metaspace       used 21244K, committed 21504K, reserved 1114112K
  class space    used 2403K, committed 2496K, reserved 1048576K
}
Event: 1.828 GC heap before
{Heap before GC invocations=4 (full 0):
 garbage-first heap   total 28672K, used 28312K [0x0000000705400000, 0x0000000800000000)
  region size 2048K, 13 young (26624K), 3 survivors (6144K)
 Metaspace       used 26076K, committed 26368K, reserved 1114112K
  class space    used 2986K, committed 3136K, reserved 1048576K
}
Event: 1.833 GC heap after
{Heap after GC invocations=5 (full 0):
 garbage-first heap   total 36864K, used 10105K [0x0000000705400000, 0x0000000800000000)
  region size 2048K, 4 young (8192K), 4 survivors (8192K)
 Metaspace       used 26076K, committed 26368K, reserved 1114112K
  class space    used 2986K, committed 3136K, reserved 1048576K
}
Event: 2.337 GC heap before
{Heap before GC invocations=5 (full 0):
 garbage-first heap   total 36864K, used 22393K [0x0000000705400000, 0x0000000800000000)
  region size 2048K, 10 young (20480K), 4 survivors (8192K)
 Metaspace       used 30313K, committed 30592K, reserved 1114112K
  class space    used 3594K, committed 3776K, reserved 1048576K
}
Event: 2.346 GC heap after
{Heap after GC invocations=6 (full 0):
 garbage-first heap   total 36864K, used 11526K [0x0000000705400000, 0x0000000800000000)
  region size 2048K, 2 young (4096K), 2 survivors (4096K)
 Metaspace       used 30313K, committed 30592K, reserved 1114112K
  class space    used 3594K, committed 3776K, reserved 1048576K
}
Event: 2.986 GC heap before
{Heap before GC invocations=6 (full 0):
 garbage-first heap   total 36864K, used 19718K [0x0000000705400000, 0x0000000800000000)
  region size 2048K, 7 young (14336K), 2 survivors (4096K)
 Metaspace       used 31935K, committed 32192K, reserved 1114112K
  class space    used 3781K, committed 3904K, reserved 1048576K
}
Event: 2.988 GC heap after
{Heap after GC invocations=7 (full 0):
 garbage-first heap   total 36864K, used 12689K [0x0000000705400000, 0x0000000800000000)
  region size 2048K, 2 young (4096K), 2 survivors (4096K)
 Metaspace       used 31935K, committed 32192K, reserved 1114112K
  class space    used 3781K, committed 3904K, reserved 1048576K
}
Event: 9.201 GC heap before
{Heap before GC invocations=7 (full 0):
 garbage-first heap   total 36864K, used 35217K [0x0000000705400000, 0x0000000800000000)
  region size 2048K, 8 young (16384K), 2 survivors (4096K)
 Metaspace       used 33342K, committed 33664K, reserved 1114112K
  class space    used 3872K, committed 4032K, reserved 1048576K
}
Event: 9.203 GC heap after
{Heap after GC invocations=8 (full 0):
 garbage-first heap   total 40960K, used 23324K [0x0000000705400000, 0x0000000800000000)
  region size 2048K, 1 young (2048K), 1 survivors (2048K)
 Metaspace       used 33342K, committed 33664K, reserved 1114112K
  class space    used 3872K, committed 4032K, reserved 1048576K
}
Event: 9.571 GC heap before
{Heap before GC invocations=8 (full 0):
 garbage-first heap   total 40960K, used 33564K [0x0000000705400000, 0x0000000800000000)
  region size 2048K, 6 young (12288K), 1 survivors (2048K)
 Metaspace       used 33438K, committed 33728K, reserved 1114112K
  class space    used 3873K, committed 4032K, reserved 1048576K
}
Event: 9.577 GC heap after
{Heap after GC invocations=9 (full 0):
 garbage-first heap   total 40960K, used 23077K [0x0000000705400000, 0x0000000800000000)
  region size 2048K, 1 young (2048K), 1 survivors (2048K)
 Metaspace       used 33438K, committed 33728K, reserved 1114112K
  class space    used 3873K, committed 4032K, reserved 1048576K
}
Event: 11.762 GC heap before
{Heap before GC invocations=10 (full 0):
 garbage-first heap   total 45056K, used 33317K [0x0000000705400000, 0x0000000800000000)
  region size 2048K, 6 young (12288K), 1 survivors (2048K)
 Metaspace       used 34064K, committed 34368K, reserved 1114112K
  class space    used 3970K, committed 4160K, reserved 1048576K
}
Event: 11.763 GC heap after
{Heap after GC invocations=11 (full 0):
 garbage-first heap   total 45056K, used 23614K [0x0000000705400000, 0x0000000800000000)
  region size 2048K, 1 young (2048K), 1 survivors (2048K)
 Metaspace       used 34064K, committed 34368K, reserved 1114112K
  class space    used 3970K, committed 4160K, reserved 1048576K
}
Event: 12.349 GC heap before
{Heap before GC invocations=11 (full 0):
 garbage-first heap   total 45056K, used 35902K [0x0000000705400000, 0x0000000800000000)
  region size 2048K, 7 young (14336K), 1 survivors (2048K)
 Metaspace       used 34660K, committed 34944K, reserved 1114112K
  class space    used 4029K, committed 4160K, reserved 1048576K
}
Event: 12.351 GC heap after
{Heap after GC invocations=12 (full 0):
 garbage-first heap   total 45056K, used 24098K [0x0000000705400000, 0x0000000800000000)
  region size 2048K, 1 young (2048K), 1 survivors (2048K)
 Metaspace       used 34660K, committed 34944K, reserved 1114112K
  class space    used 4029K, committed 4160K, reserved 1048576K
}
Event: 12.366 GC heap before
{Heap before GC invocations=13 (full 0):
 garbage-first heap   total 45056K, used 36386K [0x0000000705400000, 0x0000000800000000)
  region size 2048K, 7 young (14336K), 1 survivors (2048K)
 Metaspace       used 34675K, committed 34944K, reserved 1114112K
  class space    used 4029K, committed 4160K, reserved 1048576K
}
Event: 12.368 GC heap after
{Heap after GC invocations=14 (full 0):
 garbage-first heap   total 151552K, used 24118K [0x0000000705400000, 0x0000000800000000)
  region size 2048K, 1 young (2048K), 1 survivors (2048K)
 Metaspace       used 34675K, committed 34944K, reserved 1114112K
  class space    used 4029K, committed 4160K, reserved 1048576K
}
Event: 4476.175 GC heap before
{Heap before GC invocations=14 (full 0):
 garbage-first heap   total 151552K, used 112182K [0x0000000705400000, 0x0000000800000000)
  region size 2048K, 44 young (90112K), 1 survivors (2048K)
 Metaspace       used 35633K, committed 35904K, reserved 1114112K
  class space    used 4098K, committed 4224K, reserved 1048576K
}
Event: 4476.183 GC heap after
{Heap after GC invocations=15 (full 0):
 garbage-first heap   total 151552K, used 23601K [0x0000000705400000, 0x0000000800000000)
  region size 2048K, 1 young (2048K), 1 survivors (2048K)
 Metaspace       used 35633K, committed 35904K, reserved 1114112K
  class space    used 4098K, committed 4224K, reserved 1048576K
}

Dll operation events (10 events):
Event: 0.021 Loaded shared library C:\Program Files\logisim-evolution\runtime\bin\java.dll
Event: 0.209 Loaded shared library C:\Program Files\logisim-evolution\runtime\bin\net.dll
Event: 0.214 Loaded shared library C:\Program Files\logisim-evolution\runtime\bin\nio.dll
Event: 0.245 Loaded shared library C:\Program Files\logisim-evolution\runtime\bin\zip.dll
Event: 0.286 Loaded shared library C:\Program Files\logisim-evolution\runtime\bin\awt.dll
Event: 0.342 Loaded shared library C:\Program Files\logisim-evolution\runtime\bin\jimage.dll
Event: 0.527 Loaded shared library C:\Program Files\logisim-evolution\runtime\bin\prefs.dll
Event: 0.985 Loaded shared library C:\Program Files\logisim-evolution\runtime\bin\freetype.dll
Event: 0.987 Loaded shared library C:\Program Files\logisim-evolution\runtime\bin\fontmanager.dll
Event: 1.286 Loaded shared library C:\Users\othma\AppData\Local\Temp\flatlaf.temp\flatlaf-windows-x86_64-546789284021000.dll

Deoptimization events (20 events):
Event: 4474.733 Thread 0x000001f9b9d21050 Uncommon trap: trap_request=0xffffff45 fr.pc=0x000001f9a4970678 relative=0x00000000000000d8
Event: 4474.733 Thread 0x000001f9b9d21050 Uncommon trap: reason=unstable_if action=reinterpret pc=0x000001f9a4970678 method=java.awt.Rectangle.inside(II)Z @ 41 c2
Event: 4474.733 Thread 0x000001f9b9d21050 DEOPT PACKING pc=0x000001f9a4970678 sp=0x0000003b567feda0
Event: 4474.733 Thread 0x000001f9b9d21050 DEOPT UNPACKING pc=0x000001f9a3f546a2 sp=0x0000003b567fed18 mode 2
Event: 4474.743 Thread 0x000001f9b9d21050 Uncommon trap: trap_request=0xffffff45 fr.pc=0x000001f9a4844330 relative=0x00000000000001f0
Event: 4474.743 Thread 0x000001f9b9d21050 Uncommon trap: reason=unstable_if action=reinterpret pc=0x000001f9a4844330 method=java.awt.geom.AffineTransform.translate(DD)V @ 437 c2
Event: 4474.743 Thread 0x000001f9b9d21050 DEOPT PACKING pc=0x000001f9a4844330 sp=0x0000003b567fe3b0
Event: 4474.743 Thread 0x000001f9b9d21050 DEOPT UNPACKING pc=0x000001f9a3f546a2 sp=0x0000003b567fe338 mode 2
Event: 4475.169 Thread 0x000001f9b9d21050 Uncommon trap: trap_request=0xffffff45 fr.pc=0x000001f9a48bac20 relative=0x00000000000013e0
Event: 4475.169 Thread 0x000001f9b9d21050 Uncommon trap: reason=unstable_if action=reinterpret pc=0x000001f9a48bac20 method=sun.java2d.SunGraphics2D.constrain(IIIILsun/java2d/pipe/Region;)V @ 195 c2
Event: 4475.170 Thread 0x000001f9b9d21050 DEOPT PACKING pc=0x000001f9a48bac20 sp=0x0000003b567fe850
Event: 4475.170 Thread 0x000001f9b9d21050 DEOPT UNPACKING pc=0x000001f9a3f546a2 sp=0x0000003b567fe720 mode 2
Event: 4489.165 Thread 0x000001f9b9d21050 Uncommon trap: trap_request=0xffffff6e fr.pc=0x000001f9a499dd64 relative=0x00000000000001a4
Event: 4489.165 Thread 0x000001f9b9d21050 Uncommon trap: reason=loop_limit_check action=maybe_recompile pc=0x000001f9a499dd64 method=java.awt.geom.AffineTransform.transform([FI[FII)V @ 470 c2
Event: 4489.165 Thread 0x000001f9b9d21050 DEOPT PACKING pc=0x000001f9a499dd64 sp=0x0000003b567fbe20
Event: 4489.165 Thread 0x000001f9b9d21050 DEOPT UNPACKING pc=0x000001f9a3f546a2 sp=0x0000003b567fbd50 mode 2
Event: 10463.143 Thread 0x000001f9b46c3bf0 Uncommon trap: trap_request=0xffffff45 fr.pc=0x000001f9a469bdf4 relative=0x0000000000000514
Event: 10463.143 Thread 0x000001f9b46c3bf0 Uncommon trap: reason=unstable_if action=reinterpret pc=0x000001f9a469bdf4 method=java.util.ComparableTimSort.countRunAndMakeAscending([Ljava/lang/Object;II)I @ 47 c2
Event: 10463.143 Thread 0x000001f9b46c3bf0 DEOPT PACKING pc=0x000001f9a469bdf4 sp=0x0000003b55bfe030
Event: 10463.143 Thread 0x000001f9b46c3bf0 DEOPT UNPACKING pc=0x000001f9a3f546a2 sp=0x0000003b55bfdfc0 mode 2

Classes loaded (20 events):
Event: 4474.733 Loading class javax/swing/plaf/basic/BasicComboPopup
Event: 4474.734 Loading class javax/swing/plaf/basic/ComboPopup
Event: 4474.734 Loading class javax/swing/plaf/basic/ComboPopup done
Event: 4474.734 Loading class javax/swing/plaf/basic/BasicComboPopup done
Event: 4474.735 Loading class javax/swing/PopupFactory$HeavyWeightPopup
Event: 4474.735 Loading class javax/swing/PopupFactory$HeavyWeightPopup done
Event: 4474.736 Loading class java/util/concurrent/atomic/AtomicReference
Event: 4474.736 Loading class java/util/concurrent/atomic/AtomicReference done
Event: 4485.123 Loading class javax/swing/Popup$DefaultFrame
Event: 4485.123 Loading class javax/swing/Popup$DefaultFrame done
Event: 4485.123 Loading class javax/swing/PopupFactory$HeavyWeightPopup$1
Event: 4485.123 Loading class javax/swing/PopupFactory$HeavyWeightPopup$1 done
Event: 4908.322 Loading class java/security/DomainCombiner
Event: 4908.322 Loading class java/security/DomainCombiner done
Event: 10463.188 Loading class java/awt/desktop/UserSessionListener
Event: 10463.188 Loading class java/awt/desktop/SystemEventListener
Event: 10463.188 Loading class java/awt/desktop/SystemEventListener done
Event: 10463.188 Loading class java/awt/desktop/UserSessionListener done
Event: 31996.980 Loading class java/awt/desktop/SystemSleepListener
Event: 31996.980 Loading class java/awt/desktop/SystemSleepListener done

Classes unloaded (0 events):
No events

Classes redefined (0 events):
No events

Internal exceptions (20 events):
Event: 1.295 Thread 0x000001f999631380 Exception <a 'java/lang/NoSuchMethodError'{0x000000071234b5d0}: 'java.lang.Object java.lang.invoke.DirectMethodHandle$Holder.invokeVirtual(java.lang.Object, java.lang.Object, java.lang.Object, java.lang.Object)'> (0x000000071234b5d0) 
thrown [s\src\hotspot\share\interpreter\linkResolver.cpp, line 773]
Event: 1.313 Thread 0x000001f9b4502200 Exception <a 'java/lang/NoSuchMethodError'{0x00000007123b4cc8}: 'java.lang.Object java.lang.invoke.DirectMethodHandle$Holder.newInvokeSpecial(java.lang.Object, java.lang.Object, java.lang.Object, int, int, int, int, int)'> (0x00000007123b4cc8) 
thrown [s\src\hotspot\share\interpreter\linkResolver.cpp, line 773]
Event: 1.379 Thread 0x000001f9b46c3bf0 Exception <a 'java/lang/NoSuchMethodError'{0x0000000714c08630}: 'void java.lang.invoke.DirectMethodHandle$Holder.invokeVirtual(java.lang.Object, java.lang.Object)'> (0x0000000714c08630) 
thrown [s\src\hotspot\share\interpreter\linkResolver.cpp, line 773]
Event: 1.401 Thread 0x000001f999631380 Exception <a 'java/lang/NoSuchMethodError'{0x0000000714facf40}: 'void java.lang.invoke.DirectMethodHandle$Holder.invokeStaticInit(java.lang.Object)'> (0x0000000714facf40) 
thrown [s\src\hotspot\share\interpreter\linkResolver.cpp, line 773]
Event: 1.520 Thread 0x000001f999631380 Exception <a 'java/lang/NoSuchMethodError'{0x0000000714593878}: 'int java.lang.invoke.DirectMethodHandle$Holder.invokeVirtual(java.lang.Object, java.lang.Object, java.lang.Object)'> (0x0000000714593878) 
thrown [s\src\hotspot\share\interpreter\linkResolver.cpp, line 773]
Event: 1.535 Thread 0x000001f999631380 Exception <a 'java/lang/NoSuchMethodError'{0x0000000714e81828}: 'void java.lang.invoke.DirectMethodHandle$Holder.invokeStatic(java.lang.Object, java.lang.Object, java.lang.Object)'> (0x0000000714e81828) 
thrown [s\src\hotspot\share\interpreter\linkResolver.cpp, line 773]
Event: 1.630 Thread 0x000001f999631380 Implicit null exception at 0x000001f9a471f6e8 to 0x000001f9a471f7dc
Event: 2.811 Thread 0x000001f9b9d21050 Exception <a 'java/lang/NoSuchMethodError'{0x00000007140e56f0}: 'int java.lang.invoke.DirectMethodHandle$Holder.invokeSpecial(java.lang.Object, java.lang.Object, java.lang.Object)'> (0x00000007140e56f0) 
thrown [s\src\hotspot\share\interpreter\linkResolver.cpp, line 773]
Event: 2.837 Thread 0x000001f9b9d21050 Exception <a 'java/lang/ClassNotFoundException'{0x000000071412adb0}: jdk/net/ExtendedSocketOptions> (0x000000071412adb0) 
thrown [s\src\hotspot\share\classfile\systemDictionary.cpp, line 312]
Event: 3.002 Thread 0x000001f9b9d21050 Exception <a 'java/lang/NoSuchMethodError'{0x0000000714eeb588}: 'void java.lang.invoke.DirectMethodHandle$Holder.invokeSpecial(java.lang.Object, java.lang.Object, java.lang.Object, int, int, int, int, double)'> (0x0000000714eeb588) 
thrown [s\src\hotspot\share\interpreter\linkResolver.cpp, line 773]
Event: 10.257 Thread 0x000001f9b9d21050 Implicit null exception at 0x000001f9a47ea186 to 0x000001f9a47ed0c8
Event: 10.260 Thread 0x000001f9b9d21050 Exception <a 'java/lang/NoSuchMethodError'{0x00000007142cefc0}: 'java.lang.Object java.lang.invoke.DirectMethodHandle$Holder.newInvokeSpecial(java.lang.Object, int, java.lang.Object)'> (0x00000007142cefc0) 
thrown [s\src\hotspot\share\interpreter\linkResolver.cpp, line 773]
Event: 11.726 Thread 0x000001f9b9d21050 Implicit null exception at 0x000001f9a46b0ced to 0x000001f9a46b218c
Event: 11.735 Thread 0x000001f9b9d21050 Implicit null exception at 0x000001f9a47cdba5 to 0x000001f9a47d2118
Event: 12.284 Thread 0x000001f9ba1c2810 Exception <a 'java/lang/InterruptedException'{0x0000000714fba050}: sleep interrupted> (0x0000000714fba050) 
thrown [s\src\hotspot\share\prims\jvm.cpp, line 3074]
Event: 12.289 Thread 0x000001f9b9d21050 Exception <a 'java/lang/NoSuchMethodError'{0x0000000714fae3f0}: 'int java.lang.invoke.DirectMethodHandle$Holder.invokeStaticInit(java.lang.Object, java.lang.Object, java.lang.Object)'> (0x0000000714fae3f0) 
thrown [s\src\hotspot\share\interpreter\linkResolver.cpp, line 773]
Event: 12.348 Thread 0x000001f9b9d21050 Implicit null exception at 0x000001f9a473b800 to 0x000001f9a473bcc4
Event: 12.353 Thread 0x000001f9b9d21050 Implicit null exception at 0x000001f9a4733f00 to 0x000001f9a47343c4
Event: 12.384 Thread 0x000001f9b9d21050 Exception <a 'java/lang/ClassNotFoundException'{0x000000070d4043e8}: com/sun/org/apache/xml/internal/serializer/spi/XMLEntitiesProvider> (0x000000070d4043e8) 
thrown [s\src\hotspot\share\classfile\systemDictionary.cpp, line 312]
Event: 17.696 Thread 0x000001f9b9d21050 Implicit null exception at 0x000001f9a487addc to 0x000001f9a487b92c

ZGC Phase Switch (0 events):
No events

VM Operations (20 events):
Event: 4508.431 Executing VM operation: RendezvousGCThreads
Event: 4508.431 Executing VM operation: RendezvousGCThreads done
Event: 4886.214 Executing VM operation: Cleanup
Event: 4886.214 Executing VM operation: Cleanup done
Event: 4887.214 Executing VM operation: Cleanup
Event: 4887.214 Executing VM operation: Cleanup done
Event: 4908.361 Executing VM operation: Cleanup
Event: 4908.361 Executing VM operation: Cleanup done
Event: 4909.377 Executing VM operation: Cleanup
Event: 4909.377 Executing VM operation: Cleanup done
Event: 4947.861 Executing VM operation: Cleanup
Event: 4947.861 Executing VM operation: Cleanup done
Event: 4948.875 Executing VM operation: Cleanup
Event: 4948.875 Executing VM operation: Cleanup done
Event: 10464.111 Executing VM operation: Cleanup
Event: 10464.111 Executing VM operation: Cleanup done
Event: 66355.122 Executing VM operation: Cleanup
Event: 66355.123 Executing VM operation: Cleanup done
Event: 71395.679 Executing VM operation: Cleanup
Event: 71395.680 Executing VM operation: Cleanup done

Memory protections (0 events):
No events

Nmethod flushes (20 events):
Event: 12.356 Thread 0x000001f9b41870c0 flushing  nmethod 0x000001f99cd49990
Event: 12.356 Thread 0x000001f9b41870c0 flushing  nmethod 0x000001f99cd4e790
Event: 12.356 Thread 0x000001f9b41870c0 flushing  nmethod 0x000001f99cffd610
Event: 12.356 Thread 0x000001f9b41870c0 flushing  nmethod 0x000001f99d003a90
Event: 12.356 Thread 0x000001f9b41870c0 flushing  nmethod 0x000001f99d039390
Event: 12.356 Thread 0x000001f9b41870c0 flushing  nmethod 0x000001f99d03a790
Event: 12.356 Thread 0x000001f9b41870c0 flushing  nmethod 0x000001f99d045610
Event: 12.356 Thread 0x000001f9b41870c0 flushing  nmethod 0x000001f99d089e90
Event: 12.356 Thread 0x000001f9b41870c0 flushing  nmethod 0x000001f99d08a510
Event: 12.356 Thread 0x000001f9b41870c0 flushing  nmethod 0x000001f99d08b010
Event: 12.356 Thread 0x000001f9b41870c0 flushing  nmethod 0x000001f99d08b990
Event: 12.356 Thread 0x000001f9b41870c0 flushing  nmethod 0x000001f99d0cb990
Event: 12.356 Thread 0x000001f9b41870c0 flushing  nmethod 0x000001f99d0cc410
Event: 12.356 Thread 0x000001f9b41870c0 flushing  nmethod 0x000001f99d0e9d90
Event: 12.356 Thread 0x000001f9b41870c0 flushing  nmethod 0x000001f99d0f0210
Event: 12.356 Thread 0x000001f9b41870c0 flushing  nmethod 0x000001f99cb5e510
Event: 12.356 Thread 0x000001f9b41870c0 flushing  nmethod 0x000001f99cb9f190
Event: 12.356 Thread 0x000001f9b41870c0 flushing  nmethod 0x000001f99cf66110
Event: 12.356 Thread 0x000001f9b41870c0 flushing  nmethod 0x000001f99cf99c90
Event: 12.356 Thread 0x000001f9b41870c0 flushing  nmethod 0x000001f99cfb3590

Events (20 events):
Event: 12.331 Thread 0x000001f9b47e40f0 Thread added: 0x000001f9bb103b30
Event: 12.333 Thread 0x000001f9b425bf50 Thread added: 0x000001f9bb1041e0
Event: 12.336 Thread 0x000001f9b4260430 Thread added: 0x000001f9b4478f70
Event: 12.357 Thread 0x000001f9ba779490 Thread added: 0x000001f9ba1c4d20
Event: 12.364 Thread 0x000001f9bb103b30 Thread added: 0x000001f9ba2f20e0
Event: 13.128 Thread 0x000001f9ba2f20e0 Thread exited: 0x000001f9ba2f20e0
Event: 13.130 Thread 0x000001f9ba1c4d20 Thread exited: 0x000001f9ba1c4d20
Event: 13.131 Thread 0x000001f9b4478f70 Thread exited: 0x000001f9b4478f70
Event: 13.132 Thread 0x000001f9bb1041e0 Thread exited: 0x000001f9bb1041e0
Event: 13.132 Thread 0x000001f9bb103b30 Thread exited: 0x000001f9bb103b30
Event: 13.370 Thread 0x000001f9b47e40f0 Thread exited: 0x000001f9b47e40f0
Event: 13.370 Thread 0x000001f9bacca4b0 Thread exited: 0x000001f9bacca4b0
Event: 14.170 Thread 0x000001f9ba779490 Thread exited: 0x000001f9ba779490
Event: 17.928 Thread 0x000001f9ba4dea20 Thread exited: 0x000001f9ba4dea20
Event: 18.829 Thread 0x000001f9b4260430 Thread added: 0x000001f9b9bd5470
Event: 21.103 Thread 0x000001f9b9bd5470 Thread exited: 0x000001f9b9bd5470
Event: 4500.242 Thread 0x000001f9b4260430 Thread added: 0x000001f9b4bb92e0
Event: 4500.242 Thread 0x000001f9b4260430 Thread added: 0x000001f9b4bb8540
Event: 4500.932 Thread 0x000001f9b4bb8540 Thread exited: 0x000001f9b4bb8540
Event: 4505.948 Thread 0x000001f9b4bb92e0 Thread exited: 0x000001f9b4bb92e0


Dynamic libraries:
0x00007ff7d7d90000 - 0x00007ff7d7e55000 	C:\Program Files\logisim-evolution\logisim-evolution.exe
0x00007ffc27520000 - 0x00007ffc27787000 	C:\Windows\SYSTEM32\ntdll.dll
0x00007ffc26a80000 - 0x00007ffc26b49000 	C:\Windows\System32\KERNEL32.DLL
0x00007ffc24a90000 - 0x00007ffc24e7f000 	C:\Windows\System32\KERNELBASE.dll
0x00007ffc25da0000 - 0x00007ffc25f65000 	C:\Windows\System32\USER32.dll
0x00007ffc24850000 - 0x00007ffc24877000 	C:\Windows\System32\win32u.dll
0x00007ffc27060000 - 0x00007ffc2708b000 	C:\Windows\System32\GDI32.dll
0x00007ffc24670000 - 0x00007ffc2479c000 	C:\Windows\System32\gdi32full.dll
0x00007ffc25010000 - 0x00007ffc250b3000 	C:\Windows\System32\msvcp_win.dll
0x00007ffc24880000 - 0x00007ffc249cb000 	C:\Windows\System32\ucrtbase.dll
0x00007ffc25ff0000 - 0x00007ffc26743000 	C:\Windows\System32\SHELL32.dll
0x00007ffc250c0000 - 0x00007ffc2522a000 	C:\Windows\System32\wintypes.dll
0x00007ffc27090000 - 0x00007ffc27416000 	C:\Windows\System32\combase.dll
0x00007ffc26f30000 - 0x00007ffc27048000 	C:\Windows\System32\RPCRT4.dll
0x00007ffc252c0000 - 0x00007ffc252f1000 	C:\Windows\System32\IMM32.DLL
0x00007ffc26750000 - 0x00007ffc26845000 	C:\Windows\System32\shcore.dll
0x00007ffc073e0000 - 0x00007ffc073f8000 	C:\Program Files\logisim-evolution\runtime\bin\jli.dll
0x00007ffbf8bc0000 - 0x00007ffbf8e53000 	C:\Windows\WinSxS\amd64_microsoft.windows.common-controls_6595b64144ccf1df_6.0.26100.7309_none_3e05feeae336a044\COMCTL32.dll
0x00007ffc26850000 - 0x00007ffc268f9000 	C:\Windows\System32\msvcrt.dll
0x00007ffc073c0000 - 0x00007ffc073dd000 	C:\Program Files\logisim-evolution\runtime\bin\VCRUNTIME140.dll
0x00007ffc084c0000 - 0x00007ffc084cc000 	C:\Program Files\logisim-evolution\runtime\bin\vcruntime140_1.dll
0x00007ffba4cd0000 - 0x00007ffba4d5d000 	C:\Program Files\logisim-evolution\runtime\bin\msvcp140.dll
0x00007ffb65a50000 - 0x00007ffb667e0000 	C:\Program Files\logisim-evolution\runtime\bin\server\jvm.dll
0x00007ffc27420000 - 0x00007ffc274d4000 	C:\Windows\System32\ADVAPI32.dll
0x00007ffc26b70000 - 0x00007ffc26c16000 	C:\Windows\System32\sechost.dll
0x00007ffc26c70000 - 0x00007ffc26ce4000 	C:\Windows\System32\WS2_32.dll
0x00007ffc244d0000 - 0x00007ffc2452e000 	C:\Windows\SYSTEM32\POWRPROF.dll
0x00007ffc1ebf0000 - 0x00007ffc1ec25000 	C:\Windows\SYSTEM32\WINMM.dll
0x00007ffc1c9d0000 - 0x00007ffc1c9db000 	C:\Windows\SYSTEM32\VERSION.dll
0x00007ffc244b0000 - 0x00007ffc244c4000 	C:\Windows\SYSTEM32\UMPDC.dll
0x00007ffc23420000 - 0x00007ffc2343b000 	C:\Windows\SYSTEM32\kernel.appcore.dll
0x00007ffc073b0000 - 0x00007ffc073ba000 	C:\Program Files\logisim-evolution\runtime\bin\jimage.dll
0x00007ffc21c80000 - 0x00007ffc21ec2000 	C:\Windows\SYSTEM32\DBGHELP.DLL
0x00007ffc25cb0000 - 0x00007ffc25d86000 	C:\Windows\System32\OLEAUT32.dll
0x00007ffc07350000 - 0x00007ffc0738c000 	C:\Windows\SYSTEM32\dbgcore.DLL
0x00007ffc247a0000 - 0x00007ffc24845000 	C:\Windows\System32\bcryptPrimitives.dll
0x00007ffc07390000 - 0x00007ffc073b0000 	C:\Program Files\logisim-evolution\runtime\bin\java.dll
0x00007ffc22270000 - 0x00007ffc22ace000 	C:\Windows\SYSTEM32\windows.storage.dll
0x00007ffc26900000 - 0x00007ffc26966000 	C:\Windows\System32\shlwapi.dll
0x00007ffc24590000 - 0x00007ffc245b9000 	C:\Windows\SYSTEM32\profapi.dll
0x00007ffc05df0000 - 0x00007ffc05e00000 	C:\Program Files\logisim-evolution\runtime\bin\net.dll
0x00007ffc1d9c0000 - 0x00007ffc1dae8000 	C:\Windows\SYSTEM32\WINHTTP.dll
0x00007ffc23990000 - 0x00007ffc239fb000 	C:\Windows\system32\mswsock.dll
0x00007ffbe7390000 - 0x00007ffbe73a6000 	C:\Program Files\logisim-evolution\runtime\bin\nio.dll
0x00007ffbd5de0000 - 0x00007ffbd5df8000 	C:\Program Files\logisim-evolution\runtime\bin\zip.dll
0x00007ffb9d250000 - 0x00007ffb9d3de000 	C:\Program Files\logisim-evolution\runtime\bin\awt.dll
0x00007ffc212d0000 - 0x00007ffc2136f000 	C:\Windows\SYSTEM32\apphelp.dll
0x00007ffc20e60000 - 0x00007ffc20f0b000 	C:\Windows\system32\uxtheme.dll
0x00007ffc25790000 - 0x00007ffc258ee000 	C:\Windows\System32\MSCTF.dll
0x00007ffc26d30000 - 0x00007ffc26ec7000 	C:\Windows\System32\ole32.dll
0x00007ffc216c0000 - 0x00007ffc216f0000 	C:\Windows\system32\DWMAPI.DLL
0x00007ffbe24b0000 - 0x00007ffbe24b9000 	C:\Program Files\logisim-evolution\runtime\bin\prefs.dll
0x00007ffba4bb0000 - 0x00007ffba4cc0000 	C:\Windows\system32\opengl32.dll
0x00007ffbbd510000 - 0x00007ffbbd53d000 	C:\Windows\SYSTEM32\GLU32.dll
0x00007ffc214f0000 - 0x00007ffc21534000 	C:\Windows\SYSTEM32\dxcore.dll
0x00007ffba43d0000 - 0x00007ffba4457000 	C:\Program Files\logisim-evolution\runtime\bin\freetype.dll
0x00007ffba4190000 - 0x00007ffba4272000 	C:\Program Files\logisim-evolution\runtime\bin\fontmanager.dll
0x00007ffc05e90000 - 0x00007ffc05e96000 	C:\Users\othma\AppData\Local\Temp\flatlaf.temp\flatlaf-windows-x86_64-546789284021000.dll
0x00007ffc212a0000 - 0x00007ffc212c9000 	C:\Windows\system32\Wtsapi32.dll
0x00007ffc24e90000 - 0x00007ffc25007000 	C:\Windows\System32\CRYPT32.dll
0x00007ffc236c0000 - 0x00007ffc23709000 	C:\Windows\SYSTEM32\SspiCli.dll
0x00007ffc24270000 - 0x00007ffc242d4000 	C:\Windows\SYSTEM32\WINSTA.dll
0x00007ffc25bf0000 - 0x00007ffc25ca0000 	C:\Windows\System32\clbcatq.dll
0x00007ffc1f960000 - 0x00007ffc1fb90000 	C:\Windows\SYSTEM32\WindowsCodecs.dll
0x00007ffbe66e0000 - 0x00007ffbe673a000 	C:\Windows\system32\dataexchange.dll
0x00007ffc10930000 - 0x00007ffc10b74000 	C:\Windows\system32\twinapi.appcore.dll
0x00007ffbdf0a0000 - 0x00007ffbdf0a7000 	C:\Program Files\logisim-evolution\runtime\bin\jawt.dll
0x00007ffbed690000 - 0x00007ffbed7d8000 	C:\Windows\SYSTEM32\textinputframework.dll
0x00007ffc20d30000 - 0x00007ffc20e57000 	C:\Windows\SYSTEM32\CoreMessaging.dll
0x00007ffc1b600000 - 0x00007ffc1b8e2000 	C:\Windows\SYSTEM32\CoreUIComponents.dll
0x00007ffc23c70000 - 0x00007ffc23c7c000 	C:\Windows\SYSTEM32\CRYPTBASE.DLL
0x00007ffc0a990000 - 0x00007ffc0aa0e000 	C:\Windows\system32\Ninput.dll

dbghelp: loaded successfully - version: 4.0.5 - missing functions: none
symbol engine: initialized successfully - sym options: 0x614 - pdb path: .;C:\Program Files\logisim-evolution;C:\Windows\SYSTEM32;C:\Program Files\logisim-evolution\runtime\bin;C:\Windows\WinSxS\amd64_microsoft.windows.common-controls_6595b64144ccf1df_6.0.26100.7309_none_3e05feeae336a044;C:\Program Files\logisim-evolution\runtime\bin\server;C:\Users\othma\AppData\Local\Temp\flatlaf.temp

VM Arguments:
jvm_args: -Djpackage.app-version=4.0.0 -Djpackage.app-path=C:\Program Files\logisim-evolution\logisim-evolution.exe 
java_command: com.cburch.logisim.Main C:\Users\othma\PARM\ALU.circ
java_class_path (initial): C:\Program Files\logisim-evolution\app\logisim-evolution-4.0.0-all.jar
Launcher Type: SUN_STANDARD

[Global flags]
     intx CICompilerCount                          = 12                                        {product} {ergonomic}
     uint ConcGCThreads                            = 3                                         {product} {ergonomic}
     uint G1ConcRefinementThreads                  = 13                                        {product} {ergonomic}
   size_t G1HeapRegionSize                         = 2097152                                   {product} {ergonomic}
    uintx GCDrainStackTargetSize                   = 64                                        {product} {ergonomic}
   size_t InitialHeapSize                          = 264241152                                 {product} {ergonomic}
   size_t MarkStackSize                            = 4194304                                   {product} {ergonomic}
   size_t MaxHeapSize                              = 4206886912                                {product} {ergonomic}
   size_t MaxNewSize                               = 2522873856                                {product} {ergonomic}
   size_t MinHeapDeltaBytes                        = 2097152                                   {product} {ergonomic}
   size_t MinHeapSize                              = 8388608                                   {product} {ergonomic}
    uintx NonNMethodCodeHeapSize                   = 7602480                                {pd product} {ergonomic}
    uintx NonProfiledCodeHeapSize                  = 122027880                              {pd product} {ergonomic}
    uintx ProfiledCodeHeapSize                     = 122027880                              {pd product} {ergonomic}
    uintx ReservedCodeCacheSize                    = 251658240                              {pd product} {ergonomic}
     bool SegmentedCodeCache                       = true                                      {product} {ergonomic}
   size_t SoftMaxHeapSize                          = 4206886912                             {manageable} {ergonomic}
     bool UseCompressedOops                        = true                           {product lp64_product} {ergonomic}
     bool UseG1GC                                  = true                                      {product} {ergonomic}
     bool UseLargePagesIndividualAllocation        = false                                  {pd product} {ergonomic}

Logging:
Log output configuration:
 #0: stdout all=warning uptime,level,tags foldmultilines=false
 #1: stderr all=off uptime,level,tags foldmultilines=false

Environment Variables:
PATH=C:\Windows\system32;C:\Windows;C:\Windows\System32\Wbem;C:\Windows\System32\WindowsPowerShell\v1.0\;C:\Windows\System32\OpenSSH\;C:\Program Files\Git\cmd;C:\Users\othma\AppData\Local\Microsoft\WindowsApps;C:\Users\othma\AppData\Local\Programs\Microsoft VS Code\bin;C:\Program Files\logisim-evolution\app
USERNAME=othma
OS=Windows_NT
PROCESSOR_IDENTIFIER=Intel64 Family 6 Model 186 Stepping 2, GenuineIntel
TMP=C:\Users\othma\AppData\Local\Temp
TEMP=C:\Users\othma\AppData\Local\Temp




Periodic native trim disabled

---------------  S Y S T E M  ---------------

OS:
 Windows 11 , 64 bit Build 26100 (10.0.26100.7623)
OS uptime: 1 days 11:22 hours
Hyper-V role detected

CPU: total 16 (initial active 16) (8 cores per cpu, 2 threads per core) family 6 model 186 stepping 2 microcode 0x4121, cx8, cmov, fxsr, ht, mmx, 3dnowpref, sse, sse2, sse3, ssse3, sse4.1, sse4.2, popcnt, lzcnt, tsc, tscinvbit, avx, avx2, aes, erms, clmul, bmi1, bmi2, adx, sha, fma, vzeroupper, clflush, clflushopt, clwb, hv, serialize, rdtscp, rdpid, fsrm, f16c, cet_ibt, cet_ss
Processor Information for processor 0
  Max Mhz: 2400, Current Mhz: 2400, Mhz Limit: 2400
Processor Information for processor 1
  Max Mhz: 2400, Current Mhz: 2400, Mhz Limit: 2400
Processor Information for processor 2
  Max Mhz: 2400, Current Mhz: 2400, Mhz Limit: 2400
Processor Information for processor 3
  Max Mhz: 2400, Current Mhz: 2400, Mhz Limit: 2400
Processor Information for processor 4
  Max Mhz: 2400, Current Mhz: 2400, Mhz Limit: 2400
Processor Information for processor 5
  Max Mhz: 2400, Current Mhz: 2400, Mhz Limit: 2400
Processor Information for processor 6
  Max Mhz: 2400, Current Mhz: 2400, Mhz Limit: 2400
Processor Information for processor 7
  Max Mhz: 2400, Current Mhz: 2400, Mhz Limit: 2400
Processor Information for processor 8
  Max Mhz: 2400, Current Mhz: 2400, Mhz Limit: 2400
Processor Information for processor 9
  Max Mhz: 2400, Current Mhz: 2400, Mhz Limit: 2400
Processor Information for processor 10
  Max Mhz: 2400, Current Mhz: 2400, Mhz Limit: 2400
Processor Information for processor 11
  Max Mhz: 2400, Current Mhz: 2400, Mhz Limit: 2400
Processor Information for processor 12
  Max Mhz: 2400, Current Mhz: 2400, Mhz Limit: 2400
Processor Information for processor 13
  Max Mhz: 2400, Current Mhz: 1466, Mhz Limit: 2400
Processor Information for processor 14
  Max Mhz: 2400, Current Mhz: 2400, Mhz Limit: 2400
Processor Information for processor 15
  Max Mhz: 2400, Current Mhz: 2400, Mhz Limit: 2400

Memory: 4k page, system-wide physical 16044M (3878M free)
TotalPageFile size 30380M (AvailPageFile size 9772M)
current process WorkingSet (physical memory assigned to process): 21M, peak: 232M
current process commit charge ("private bytes"): 314M, peak: 375M

vm_info: OpenJDK 64-Bit Server VM (21.0.4+7-LTS) for windows-amd64 JRE (21.0.4+7-LTS), built on 2024-07-16T17:40:50Z by "MicrosoftCorporation" with unknown MS VC++:1939

END.
