#
# A fatal error has been detected by the Java Runtime Environment:
#
#  EXCEPTION_ACCESS_VIOLATION (0xc0000005) at pc=0x00007ffb9d32be21, pid=11000, tid=2316
#
# JRE version: OpenJDK Runtime Environment Microsoft-9889606 (21.0.4+7) (build 21.0.4+7-LTS)
# Java VM: OpenJDK 64-Bit Server VM Microsoft-9889606 (21.0.4+7-LTS, mixed mode, tiered, compressed oops, compressed class ptrs, g1 gc, windows-amd64)
# Problematic frame:
# C  [awt.dll+0xdbe21]
#
# No core dump will be written. Minidumps are not enabled by default on client versions of Windows
#
# If you would like to submit a bug report, please visit:
#   https://github.com/microsoft/openjdk/issues
# The crash happened outside the Java Virtual Machine in native code.
# See problematic frame for where to report the bug.
#

---------------  S U M M A R Y ------------

Command Line: -Djpackage.app-version=4.0.0 -Djpackage.app-path=C:\Program Files\logisim-evolution\logisim-evolution.exe com.cburch.logisim.Main C:\Users\othma\PARM\Machine_Logisim3.circ

Host: 13th Gen Intel(R) Core(TM) i7-13620H, 16 cores, 15G,  Windows 11 , 64 bit Build 26100 (10.0.26100.7623)
Time: Wed Jan 28 17:56:59 2026 Paris, Madrid elapsed time: 4535.299729 seconds (0d 1h 15m 35s)

---------------  T H R E A D  ---------------

Current thread (0x00000245671824c0):  JavaThread "AWT-Windows" daemon [_thread_in_native, id=2316, stack(0x0000005203b00000,0x0000005203c00000) (1024K)]

Stack: [0x0000005203b00000,0x0000005203c00000],  sp=0x0000005203bfe7f0,  free space=1017k
Native frames: (J=compiled Java code, j=interpreted, Vv=VM code, C=native code)
C  [awt.dll+0xdbe21]

Java frames: (J=compiled Java code, j=interpreted, Vv=VM code)
j  sun.awt.windows.WToolkit.eventLoop()V+0 java.desktop@21.0.4
j  sun.awt.windows.WToolkit.run()V+50 java.desktop@21.0.4
j  java.lang.Thread.runWith(Ljava/lang/Object;Ljava/lang/Runnable;)V+5 java.base@21.0.4
j  java.lang.Thread.run()V+19 java.base@21.0.4
v  ~StubRoutines::call_stub 0x00000245521c100d

siginfo: EXCEPTION_ACCESS_VIOLATION (0xc0000005), reading address 0x0000000000000008


Registers:
RAX=0x0000000000000000, RBX=0x00000245690a58b0, RCX=0x0000000000000000, RDX=0x0000000000000000
RSP=0x0000005203bfe7f0, RBP=0x0000005203bfe8f9, RSI=0x000000002c010dd6, RDI=0x0000000000000000
R8 =0x0000000000000001, R9 =0x0000005202186000, R10=0x0000000000000000, R11=0x0000000000000246
R12=0x00007ffb9d250000, R13=0x0000000000000310, R14=0x0000000000000000, R15=0x0000000000000001
RIP=0x00007ffb9d32be21, EFLAGS=0x0000000000010246


Register to memory mapping:

RAX=0x0 is null
RBX=0x00000245690a58b0 points into unknown readable memory: 0x000002456940a100 | 00 a1 40 69 45 02 00 00
RCX=0x0 is null
RDX=0x0 is null
RSP=0x0000005203bfe7f0 is pointing into the stack for thread: 0x00000245671824c0
RBP=0x0000005203bfe8f9 is pointing into the stack for thread: 0x00000245671824c0
RSI=0x000000002c010dd6 is an unknown value
RDI=0x0 is null
R8 =0x0000000000000001 is an unknown value
R9 =0x0000005202186000 points into unknown readable memory: 0x0000000000000000 | 00 00 00 00 00 00 00 00
R10=0x0 is null
R11=0x0000000000000246 is an unknown value
R12=0x00007ffb9d250000 awt.dll
R13=0x0000000000000310 is an unknown value
R14=0x0 is null
R15=0x0000000000000001 is an unknown value

Top of Stack: (sp=0x0000005203bfe7f0)
0x0000005203bfe7f0:   00007ffb9d38a848 000000002c010dd6
0x0000005203bfe800:   0000ee3353dc1d02 0000000000570a56
0x0000005203bfe810:   0000000000000000 00007ffb9d2e7a6c
0x0000005203bfe820:   000000002c010dd6 0000024568789d10
0x0000005203bfe830:   00000245690a58b0 0000024568789d10
0x0000005203bfe840:   0000024568789d10 00007ffb9d2e7b16
0x0000005203bfe850:   0000000000000001 0000000000000000
0x0000005203bfe860:   0000005203bfe958 00007ffbf8becec8
0x0000005203bfe870:   0000024568789d10 00007ffb9d2e4e98
0x0000005203bfe880:   0000024568789d10 0000000000000000
0x0000005203bfe890:   00007ffb9d2e7ff0 00007ffc2753a3ee
0x0000005203bfe8a0:   0000000000000002 00007ffc25de09c9
0x0000005203bfe8b0:   0000005203bfe950 0000000000000001
0x0000005203bfe8c0:   0000000000000000 0000005203bfe958
0x0000005203bfe8d0:   0000000000000000 0000000000000000
0x0000005203bfe8e0:   0000000000000000 0000024567182878
0x0000005203bfe8f0:   0000024568789db0 0000000000000000
0x0000005203bfe900:   0000000000000000 0000ee3353dc1372
0x0000005203bfe910:   0000000000000000 0000000000000000
0x0000005203bfe920:   0000000000000000 0000000000000000
0x0000005203bfe930:   0000000000000000 0000000000000310
0x0000005203bfe940:   0000000000000000 0000024568789d10
0x0000005203bfe950:   0000024568789d10 00007ffb9d33102c
0x0000005203bfe960:   0000000000000000 0000600c62afd828
0x0000005203bfe970:   00006f6c8f6cb078 0000000000000022
0x0000005203bfe980:   000000000000c254 0000000000000000
0x0000005203bfe990:   0000000000000000 00007ffc25db7a19
0x0000005203bfe9a0:   0000000000000000 0000000000000001
0x0000005203bfe9b0:   0000000000000022 00007ffc2752a6af
0x0000005203bfe9c0:   0000000000570a56 00007ffc25db8cfa
0x0000005203bfe9d0:   ffffffffffffffeb 0000ee3353dc1292
0x0000005203bfe9e0:   0000024545b23f80 0000000000000000 

Instructions: (pc=0x00007ffb9d32be21)
0x00007ffb9d32bd21:   83 ec 28 66 0f 6e c2 0f 5b c0 f3 0f 59 41 48 0f
0x00007ffb9d32bd31:   5a c8 f2 0f 10 05 75 4f 03 00 f2 0f 5c 0d c5 4e
0x00007ffb9d32bd41:   01 00 66 0f 2f c1 76 0a b8 00 00 00 80 48 83 c4
0x00007ffb9d32bd51:   28 c3 66 0f 2f 0d 45 98 02 00 76 0a b8 ff ff ff
0x00007ffb9d32bd61:   7f 48 83 c4 28 c3 0f 28 c1 e8 b5 0d 01 00 f2 0f
0x00007ffb9d32bd71:   2c c0 48 83 c4 28 c3 cc cc cc cc cc cc cc cc 48
0x00007ffb9d32bd81:   83 ec 28 66 0f 6e c2 0f 5b c0 f3 0f 59 41 4c 0f
0x00007ffb9d32bd91:   5a c8 f2 0f 10 05 15 4f 03 00 f2 0f 5c 0d 65 4e
0x00007ffb9d32bda1:   01 00 66 0f 2f c1 76 0a b8 00 00 00 80 48 83 c4
0x00007ffb9d32bdb1:   28 c3 66 0f 2f 0d e5 97 02 00 76 0a b8 ff ff ff
0x00007ffb9d32bdc1:   7f 48 83 c4 28 c3 0f 28 c1 e8 55 0d 01 00 f2 0f
0x00007ffb9d32bdd1:   2c c0 48 83 c4 28 c3 cc cc cc cc cc cc cc cc 48
0x00007ffb9d32bde1:   8b 49 08 48 85 c9 0f 85 63 7f fe ff 33 c0 c3 48
0x00007ffb9d32bdf1:   89 5c 24 08 48 89 74 24 10 57 48 83 ec 20 8b fa
0x00007ffb9d32be01:   48 8b f1 e8 77 c0 f4 ff 48 8b d8 48 89 44 24 40
0x00007ffb9d32be11:   41 b8 01 00 00 00 8b d7 48 8b c8 e8 cf bf f4 ff
0x00007ffb9d32be21:   48 8b 48 08 48 85 c9 74 0d 48 8b d6 e8 1e 7f fe
0x00007ffb9d32be31:   ff 48 8b f8 eb 02 33 ff 48 8b cb e8 ff c1 f4 ff
0x00007ffb9d32be41:   90 48 8b c7 48 8b 5c 24 30 48 8b 74 24 38 48 83
0x00007ffb9d32be51:   c4 20 5f c3 cc cc cc cc cc cc cc cc cc cc cc 48
0x00007ffb9d32be61:   8b 01 89 10 c3 cc cc cc cc cc cc cc cc cc cc 40
0x00007ffb9d32be71:   57 48 83 ec 40 48 83 79 38 00 48 8b f9 0f 84 96
0x00007ffb9d32be81:   01 00 00 48 8b 0d f5 af 06 00 ba 02 00 01 00 48
0x00007ffb9d32be91:   89 5c 24 58 48 89 74 24 68 e8 4b f6 00 00 4c 8b
0x00007ffb9d32bea1:   05 72 b5 06 00 48 8b c8 48 8b 57 38 48 8b d8 4c
0x00007ffb9d32beb1:   8b 08 41 ff 91 f8 02 00 00 48 8b f0 48 85 c0 0f
0x00007ffb9d32bec1:   84 4a 01 00 00 4c 8b 0b 48 8b d0 4c 8b 05 35 b5
0x00007ffb9d32bed1:   06 00 48 8b cb 41 ff 91 00 01 00 00 84 c0 0f 84
0x00007ffb9d32bee1:   2b 01 00 00 48 8b 7f 08 48 8b d6 48 8b 03 48 8b
0x00007ffb9d32bef1:   cb 4c 8b 05 27 b5 06 00 48 81 c7 00 04 00 00 48
0x00007ffb9d32bf01:   89 6c 24 60 4c 89 7c 24 20 ff 90 f8 02 00 00 4c
0x00007ffb9d32bf11:   8b 0b 48 8b d6 4c 8b 05 0b b5 06 00 48 8b cb 4c 


Stack slot to memory mapping:

stack at sp + 0 slots: 0x00007ffb9d38a848 awt.dll
stack at sp + 1 slots: 0x000000002c010dd6 is an unknown value
stack at sp + 2 slots: 0x0000ee3353dc1d02 is an unknown value
stack at sp + 3 slots: 0x0000000000570a56 is an unknown value
stack at sp + 4 slots: 0x0 is null
stack at sp + 5 slots: 0x00007ffb9d2e7a6c awt.dll
stack at sp + 6 slots: 0x000000002c010dd6 is an unknown value
stack at sp + 7 slots: 0x0000024568789d10 points into unknown readable memory: 0x00007ffb9d35c8f0 | f0 c8 35 9d fb 7f 00 00


---------------  P R O C E S S  ---------------

Threads class SMR info:
_java_thread_list=0x0000024568bd71f0, length=32, elements={
0x000002456250a510, 0x000002456250acb0, 0x00000245624ffea0, 0x0000024562500510,
0x0000024562500b80, 0x00000245625015f0, 0x0000024562542e30, 0x00000245625479f0,
0x00000245626c44d0, 0x00000245626d4190, 0x0000024567181280, 0x0000024562829570,
0x00000245671824c0, 0x00000245671ca210, 0x00000245683643d0, 0x000002456880c870,
0x0000024568e280b0, 0x0000024568e25fe0, 0x0000024568e24c30, 0x0000024568e27390,
0x0000024568e26670, 0x0000024568e26d00, 0x0000024568e27a20, 0x0000024568e252c0,
0x00000245694885c0, 0x000002456948a000, 0x000002456948a690, 0x000002456948c0d0,
0x0000024569488c50, 0x000002456948ba40, 0x000002456948f550, 0x000002456948c760
}

Java Threads: ( => current thread )
  0x000002456250a510 JavaThread "Reference Handler"          daemon [_thread_blocked, id=12132, stack(0x0000005202d00000,0x0000005202e00000) (1024K)]
  0x000002456250acb0 JavaThread "Finalizer"                  daemon [_thread_blocked, id=18392, stack(0x0000005202e00000,0x0000005202f00000) (1024K)]
  0x00000245624ffea0 JavaThread "Signal Dispatcher"          daemon [_thread_blocked, id=2780, stack(0x0000005202f00000,0x0000005203000000) (1024K)]
  0x0000024562500510 JavaThread "Attach Listener"            daemon [_thread_blocked, id=7024, stack(0x0000005203000000,0x0000005203100000) (1024K)]
  0x0000024562500b80 JavaThread "Service Thread"             daemon [_thread_blocked, id=30912, stack(0x0000005203100000,0x0000005203200000) (1024K)]
  0x00000245625015f0 JavaThread "Monitor Deflation Thread"   daemon [_thread_blocked, id=18420, stack(0x0000005203200000,0x0000005203300000) (1024K)]
  0x0000024562542e30 JavaThread "C2 CompilerThread0"         daemon [_thread_blocked, id=17828, stack(0x0000005203300000,0x0000005203400000) (1024K)]
  0x00000245625479f0 JavaThread "C1 CompilerThread0"         daemon [_thread_blocked, id=20576, stack(0x0000005203400000,0x0000005203500000) (1024K)]
  0x00000245626c44d0 JavaThread "Notification Thread"        daemon [_thread_blocked, id=29220, stack(0x0000005203600000,0x0000005203700000) (1024K)]
  0x00000245626d4190 JavaThread "Common-Cleaner"             daemon [_thread_blocked, id=19228, stack(0x0000005203700000,0x0000005203800000) (1024K)]
  0x0000024567181280 JavaThread "Java2D Disposer"            daemon [_thread_blocked, id=22772, stack(0x0000005203900000,0x0000005203a00000) (1024K)]
  0x0000024562829570 JavaThread "AWT-Shutdown"                      [_thread_blocked, id=30520, stack(0x0000005203a00000,0x0000005203b00000) (1024K)]
=>0x00000245671824c0 JavaThread "AWT-Windows"                daemon [_thread_in_native, id=2316, stack(0x0000005203b00000,0x0000005203c00000) (1024K)]
  0x00000245671ca210 JavaThread "Event Dispatch Thread"      daemon [_thread_blocked, id=8576, stack(0x0000005203c00000,0x0000005203d00000) (1024K)]
  0x00000245683643d0 JavaThread "AWT-EventQueue-0"                  [_thread_in_native, id=25132, stack(0x0000005204800000,0x0000005204900000) (1024K)]
  0x000002456880c870 JavaThread "AutosaveThread-0-0"                [_thread_blocked, id=23284, stack(0x0000005205400000,0x0000005205500000) (1024K)]
  0x0000024568e280b0 JavaThread "AutosaveThread-1-0"                [_thread_blocked, id=27484, stack(0x0000005205500000,0x0000005205600000) (1024K)]
  0x0000024568e25fe0 JavaThread "AutosaveThread-2-0"                [_thread_blocked, id=20876, stack(0x0000005205600000,0x0000005205700000) (1024K)]
  0x0000024568e24c30 JavaThread "AutosaveThread-3-0"                [_thread_blocked, id=25384, stack(0x0000005205800000,0x0000005205900000) (1024K)]
  0x0000024568e27390 JavaThread "AutosaveThread-4-0"                [_thread_blocked, id=22732, stack(0x0000005205900000,0x0000005205a00000) (1024K)]
  0x0000024568e26670 JavaThread "AutosaveThread-5-0"                [_thread_blocked, id=21788, stack(0x0000005205a00000,0x0000005205b00000) (1024K)]
  0x0000024568e26d00 JavaThread "AutosaveThread-6-0"                [_thread_blocked, id=16356, stack(0x0000005205b00000,0x0000005205c00000) (1024K)]
  0x0000024568e27a20 JavaThread "AutosaveThread-7-0"                [_thread_blocked, id=11936, stack(0x0000005205c00000,0x0000005205d00000) (1024K)]
  0x0000024568e252c0 JavaThread "AutosaveThread-8-0"                [_thread_blocked, id=28396, stack(0x0000005205d00000,0x0000005205e00000) (1024K)]
  0x00000245694885c0 JavaThread "AutosaveThread-9-0"                [_thread_blocked, id=28700, stack(0x0000005205e00000,0x0000005205f00000) (1024K)]
  0x000002456948a000 JavaThread "AutosaveThread-10-0"               [_thread_blocked, id=30200, stack(0x0000005205f00000,0x0000005206000000) (1024K)]
  0x000002456948a690 JavaThread "SimThread-0"                       [_thread_blocked, id=14860, stack(0x0000005206000000,0x0000005206100000) (1024K)]
  0x000002456948c0d0 JavaThread "DestroyJavaVM"                     [_thread_blocked, id=29904, stack(0x0000005202500000,0x0000005202600000) (1024K)]
  0x0000024569488c50 JavaThread "Timer-0"                           [_thread_blocked, id=11688, stack(0x0000005206100000,0x0000005206200000) (1024K)]
  0x000002456948ba40 JavaThread "TimerQueue"                 daemon [_thread_blocked, id=28436, stack(0x0000005204e00000,0x0000005204f00000) (1024K)]
  0x000002456948f550 JavaThread "tools-move-ConnectorThread-0"        [_thread_blocked, id=4860, stack(0x0000005202200000,0x0000005202300000) (1024K)]
  0x000002456948c760 JavaThread "Swing-Shell"                daemon [_thread_blocked, id=8220, stack(0x0000005202400000,0x0000005202500000) (1024K)]
Total: 32

Other Threads:
  0x0000024562474f60 VMThread "VM Thread"                           [id=31616, stack(0x0000005202c00000,0x0000005202d00000) (1024K)]
  0x000002456184c9f0 WatcherThread "VM Periodic Task Thread"        [id=22196, stack(0x0000005202b00000,0x0000005202c00000) (1024K)]
  0x0000024547958040 WorkerThread "GC Thread#0"                     [id=15756, stack(0x0000005202600000,0x0000005202700000) (1024K)]
  0x00000245677c4c50 WorkerThread "GC Thread#1"                     [id=26292, stack(0x0000005204000000,0x0000005204100000) (1024K)]
  0x00000245677c4ff0 WorkerThread "GC Thread#2"                     [id=6616, stack(0x0000005204100000,0x0000005204200000) (1024K)]
  0x00000245677c5390 WorkerThread "GC Thread#3"                     [id=18508, stack(0x0000005204200000,0x0000005204300000) (1024K)]
  0x00000245677c5730 WorkerThread "GC Thread#4"                     [id=6912, stack(0x0000005204300000,0x0000005204400000) (1024K)]
  0x00000245677c5ad0 WorkerThread "GC Thread#5"                     [id=29564, stack(0x0000005204400000,0x0000005204500000) (1024K)]
  0x00000245674bf670 WorkerThread "GC Thread#6"                     [id=22944, stack(0x0000005204500000,0x0000005204600000) (1024K)]
  0x0000024567236210 WorkerThread "GC Thread#7"                     [id=26208, stack(0x0000005203f00000,0x0000005204000000) (1024K)]
  0x0000024568204d00 WorkerThread "GC Thread#8"                     [id=22892, stack(0x0000005204600000,0x0000005204700000) (1024K)]
  0x000002456810e2f0 WorkerThread "GC Thread#9"                     [id=27124, stack(0x0000005204700000,0x0000005204800000) (1024K)]
  0x000002456810e690 WorkerThread "GC Thread#10"                    [id=10872, stack(0x0000005204900000,0x0000005204a00000) (1024K)]
  0x000002456810ea30 WorkerThread "GC Thread#11"                    [id=25272, stack(0x0000005204a00000,0x0000005204b00000) (1024K)]
  0x000002456810dbb0 WorkerThread "GC Thread#12"                    [id=6036, stack(0x0000005205700000,0x0000005205800000) (1024K)]
  0x0000024547968b80 ConcurrentGCThread "G1 Main Marker"            [id=21768, stack(0x0000005202700000,0x0000005202800000) (1024K)]
  0x000002454796bb50 WorkerThread "G1 Conc#0"                       [id=7032, stack(0x0000005202800000,0x0000005202900000) (1024K)]
  0x000002456810df50 WorkerThread "G1 Conc#1"                       [id=1812, stack(0x0000005204b00000,0x0000005204c00000) (1024K)]
  0x000002456810f170 WorkerThread "G1 Conc#2"                       [id=26948, stack(0x0000005204c00000,0x0000005204d00000) (1024K)]
  0x0000024561723530 ConcurrentGCThread "G1 Refine#0"               [id=23176, stack(0x0000005202900000,0x0000005202a00000) (1024K)]
  0x0000024561723a50 ConcurrentGCThread "G1 Service"                [id=30472, stack(0x0000005202a00000,0x0000005202b00000) (1024K)]
Total: 21

Threads with active compile tasks:
Total: 0

VM state: not at safepoint (normal execution)

VM Mutex/Monitor currently owned by a thread: None

Heap address: 0x0000000705400000, size: 4012 MB, Compressed Oops mode: Zero based, Oop shift amount: 3

CDS archive(s) not mapped
Compressed class space mapped at: 0x0000000800000000-0x0000000840000000, reserved size: 1073741824
Narrow klass base: 0x0000000800000000, Narrow klass shift: 0, Narrow klass range: 0x40000000

GC Precious Log:
 CardTable entry size: 512
 Card Set container configuration: InlinePtr #cards 4 size 8 Array Of Cards #cards 16 size 48 Howl #buckets 8 coarsen threshold 3686 Howl Bitmap #cards 512 size 80 coarsen threshold 460 Card regions per heap region 1 cards per card region 4096
 CPUs: 16 total, 16 available
 Memory: 16044M
 Large Page Support: Disabled
 NUMA Support: Disabled
 Compressed Oops: Enabled (Zero based)
 Heap Region Size: 2M
 Heap Min Capacity: 8M
 Heap Initial Capacity: 252M
 Heap Max Capacity: 4012M
 Pre-touch: Disabled
 Parallel Workers: 13
 Concurrent Workers: 3
 Concurrent Refinement Workers: 13
 Periodic GC: Disabled

Heap:
 garbage-first heap   total 157696K, used 79351K [0x0000000705400000, 0x0000000800000000)
  region size 2048K, 24 young (49152K), 1 survivors (2048K)
 Metaspace       used 40762K, committed 41152K, reserved 1114112K
  class space    used 4553K, committed 4736K, reserved 1048576K

Heap Regions: E=young(eden), S=young(survivor), O=old, HS=humongous(starts), HC=humongous(continues), CS=collection set, F=free, TAMS=top-at-mark-start, PB=parsable bottom
|   0|0x0000000705400000, 0x0000000705600000, 0x0000000705600000|100%|HS|  |TAMS 0x0000000705400000| PB 0x0000000705400000| Complete 
|   1|0x0000000705600000, 0x0000000705800000, 0x0000000705800000|100%| O|  |TAMS 0x0000000705600000| PB 0x0000000705600000| Untracked 
|   2|0x0000000705800000, 0x0000000705a00000, 0x0000000705a00000|100%| O|  |TAMS 0x0000000705800000| PB 0x0000000705800000| Untracked 
|   3|0x0000000705a00000, 0x0000000705c00000, 0x0000000705c00000|100%| O|  |TAMS 0x0000000705a00000| PB 0x0000000705a00000| Untracked 
|   4|0x0000000705c00000, 0x0000000705dee1f8, 0x0000000705e00000| 96%| O|  |TAMS 0x0000000705c00000| PB 0x0000000705c00000| Untracked 
|   5|0x0000000705e00000, 0x0000000706000000, 0x0000000706000000|100%| O|  |TAMS 0x0000000705e00000| PB 0x0000000705e00000| Untracked 
|   6|0x0000000706000000, 0x0000000706200000, 0x0000000706200000|100%| O|  |TAMS 0x0000000706000000| PB 0x0000000706000000| Untracked 
|   7|0x0000000706200000, 0x0000000706400000, 0x0000000706400000|100%| O|  |TAMS 0x0000000706200000| PB 0x0000000706200000| Untracked 
|   8|0x0000000706400000, 0x0000000706600000, 0x0000000706600000|100%| O|  |TAMS 0x0000000706400000| PB 0x0000000706400000| Untracked 
|   9|0x0000000706600000, 0x0000000706600000, 0x0000000706800000|  0%| F|  |TAMS 0x0000000706600000| PB 0x0000000706600000| Untracked 
|  10|0x0000000706800000, 0x0000000706a00000, 0x0000000706a00000|100%| O|  |TAMS 0x0000000706800000| PB 0x0000000706800000| Untracked 
|  11|0x0000000706a00000, 0x0000000706c00000, 0x0000000706c00000|100%| O|  |TAMS 0x0000000706a00000| PB 0x0000000706a00000| Untracked 
|  12|0x0000000706c00000, 0x0000000706e00000, 0x0000000706e00000|100%|HS|  |TAMS 0x0000000706c00000| PB 0x0000000706c00000| Complete 
|  13|0x0000000706e00000, 0x0000000707000000, 0x0000000707000000|100%|HC|  |TAMS 0x0000000706e00000| PB 0x0000000706e00000| Complete 
|  14|0x0000000707000000, 0x0000000707200000, 0x0000000707200000|100%|HC|  |TAMS 0x0000000707000000| PB 0x0000000707000000| Complete 
|  15|0x0000000707200000, 0x0000000707400000, 0x0000000707400000|100%|HC|  |TAMS 0x0000000707200000| PB 0x0000000707200000| Complete 
|  16|0x0000000707400000, 0x0000000707600000, 0x0000000707600000|100%|HC|  |TAMS 0x0000000707400000| PB 0x0000000707400000| Complete 
|  17|0x0000000707600000, 0x0000000707600000, 0x0000000707800000|  0%| F|  |TAMS 0x0000000707600000| PB 0x0000000707600000| Untracked 
|  18|0x0000000707800000, 0x0000000707800000, 0x0000000707a00000|  0%| F|  |TAMS 0x0000000707800000| PB 0x0000000707800000| Untracked 
|  19|0x0000000707a00000, 0x0000000707a00000, 0x0000000707c00000|  0%| F|  |TAMS 0x0000000707a00000| PB 0x0000000707a00000| Untracked 
|  20|0x0000000707c00000, 0x0000000707c00000, 0x0000000707e00000|  0%| F|  |TAMS 0x0000000707c00000| PB 0x0000000707c00000| Untracked 
|  21|0x0000000707e00000, 0x0000000707e00000, 0x0000000708000000|  0%| F|  |TAMS 0x0000000707e00000| PB 0x0000000707e00000| Untracked 
|  22|0x0000000708000000, 0x0000000708000000, 0x0000000708200000|  0%| F|  |TAMS 0x0000000708000000| PB 0x0000000708000000| Untracked 
|  23|0x0000000708200000, 0x0000000708200000, 0x0000000708400000|  0%| F|  |TAMS 0x0000000708200000| PB 0x0000000708200000| Untracked 
|  24|0x0000000708400000, 0x0000000708400000, 0x0000000708600000|  0%| F|  |TAMS 0x0000000708400000| PB 0x0000000708400000| Untracked 
|  25|0x0000000708600000, 0x0000000708600000, 0x0000000708800000|  0%| F|  |TAMS 0x0000000708600000| PB 0x0000000708600000| Untracked 
|  26|0x0000000708800000, 0x0000000708800000, 0x0000000708a00000|  0%| F|  |TAMS 0x0000000708800000| PB 0x0000000708800000| Untracked 
|  27|0x0000000708a00000, 0x0000000708a00000, 0x0000000708c00000|  0%| F|  |TAMS 0x0000000708a00000| PB 0x0000000708a00000| Untracked 
|  28|0x0000000708c00000, 0x0000000708c00000, 0x0000000708e00000|  0%| F|  |TAMS 0x0000000708c00000| PB 0x0000000708c00000| Untracked 
|  29|0x0000000708e00000, 0x0000000708e00000, 0x0000000709000000|  0%| F|  |TAMS 0x0000000708e00000| PB 0x0000000708e00000| Untracked 
|  30|0x0000000709000000, 0x000000070918fd18, 0x0000000709200000| 78%| S|CS|TAMS 0x0000000709000000| PB 0x0000000709000000| Complete 
|  31|0x0000000709200000, 0x0000000709200000, 0x0000000709400000|  0%| F|  |TAMS 0x0000000709200000| PB 0x0000000709200000| Untracked 
|  32|0x0000000709400000, 0x0000000709400000, 0x0000000709600000|  0%| F|  |TAMS 0x0000000709400000| PB 0x0000000709400000| Untracked 
|  33|0x0000000709600000, 0x0000000709600000, 0x0000000709800000|  0%| F|  |TAMS 0x0000000709600000| PB 0x0000000709600000| Untracked 
|  34|0x0000000709800000, 0x0000000709800000, 0x0000000709a00000|  0%| F|  |TAMS 0x0000000709800000| PB 0x0000000709800000| Untracked 
|  35|0x0000000709a00000, 0x0000000709a00000, 0x0000000709c00000|  0%| F|  |TAMS 0x0000000709a00000| PB 0x0000000709a00000| Untracked 
|  36|0x0000000709c00000, 0x0000000709c00000, 0x0000000709e00000|  0%| F|  |TAMS 0x0000000709c00000| PB 0x0000000709c00000| Untracked 
|  37|0x0000000709e00000, 0x0000000709e00000, 0x000000070a000000|  0%| F|  |TAMS 0x0000000709e00000| PB 0x0000000709e00000| Untracked 
|  38|0x000000070a000000, 0x000000070a000000, 0x000000070a200000|  0%| F|  |TAMS 0x000000070a000000| PB 0x000000070a000000| Untracked 
|  39|0x000000070a200000, 0x000000070a200000, 0x000000070a400000|  0%| F|  |TAMS 0x000000070a200000| PB 0x000000070a200000| Untracked 
|  40|0x000000070a400000, 0x000000070a400000, 0x000000070a600000|  0%| F|  |TAMS 0x000000070a400000| PB 0x000000070a400000| Untracked 
|  41|0x000000070a600000, 0x000000070a600000, 0x000000070a800000|  0%| F|  |TAMS 0x000000070a600000| PB 0x000000070a600000| Untracked 
|  42|0x000000070a800000, 0x000000070a800000, 0x000000070aa00000|  0%| F|  |TAMS 0x000000070a800000| PB 0x000000070a800000| Untracked 
|  43|0x000000070aa00000, 0x000000070aa00000, 0x000000070ac00000|  0%| F|  |TAMS 0x000000070aa00000| PB 0x000000070aa00000| Untracked 
|  44|0x000000070ac00000, 0x000000070ac00000, 0x000000070ae00000|  0%| F|  |TAMS 0x000000070ac00000| PB 0x000000070ac00000| Untracked 
|  45|0x000000070ae00000, 0x000000070ae00000, 0x000000070b000000|  0%| F|  |TAMS 0x000000070ae00000| PB 0x000000070ae00000| Untracked 
|  46|0x000000070b000000, 0x000000070b000000, 0x000000070b200000|  0%| F|  |TAMS 0x000000070b000000| PB 0x000000070b000000| Untracked 
|  47|0x000000070b200000, 0x000000070b200000, 0x000000070b400000|  0%| F|  |TAMS 0x000000070b200000| PB 0x000000070b200000| Untracked 
|  48|0x000000070b400000, 0x000000070b400000, 0x000000070b600000|  0%| F|  |TAMS 0x000000070b400000| PB 0x000000070b400000| Untracked 
|  49|0x000000070b600000, 0x000000070b600000, 0x000000070b800000|  0%| F|  |TAMS 0x000000070b600000| PB 0x000000070b600000| Untracked 
|  50|0x000000070b800000, 0x000000070b800000, 0x000000070ba00000|  0%| F|  |TAMS 0x000000070b800000| PB 0x000000070b800000| Untracked 
|  51|0x000000070ba00000, 0x000000070ba00000, 0x000000070bc00000|  0%| F|  |TAMS 0x000000070ba00000| PB 0x000000070ba00000| Untracked 
|  52|0x000000070bc00000, 0x000000070bc00000, 0x000000070be00000|  0%| F|  |TAMS 0x000000070bc00000| PB 0x000000070bc00000| Untracked 
|  53|0x000000070be00000, 0x000000070be00000, 0x000000070c000000|  0%| F|  |TAMS 0x000000070be00000| PB 0x000000070be00000| Untracked 
|  54|0x000000070c000000, 0x000000070c003c68, 0x000000070c200000|  0%| E|  |TAMS 0x000000070c000000| PB 0x000000070c000000| Complete 
|  55|0x000000070c200000, 0x000000070c400000, 0x000000070c400000|100%| E|CS|TAMS 0x000000070c200000| PB 0x000000070c200000| Complete 
|  56|0x000000070c400000, 0x000000070c600000, 0x000000070c600000|100%| E|CS|TAMS 0x000000070c400000| PB 0x000000070c400000| Complete 
|  57|0x000000070c600000, 0x000000070c800000, 0x000000070c800000|100%| E|CS|TAMS 0x000000070c600000| PB 0x000000070c600000| Complete 
|  58|0x000000070c800000, 0x000000070ca00000, 0x000000070ca00000|100%| E|CS|TAMS 0x000000070c800000| PB 0x000000070c800000| Complete 
|  59|0x000000070ca00000, 0x000000070cc00000, 0x000000070cc00000|100%| E|CS|TAMS 0x000000070ca00000| PB 0x000000070ca00000| Complete 
|  60|0x000000070cc00000, 0x000000070ce00000, 0x000000070ce00000|100%| E|CS|TAMS 0x000000070cc00000| PB 0x000000070cc00000| Complete 
|  61|0x000000070ce00000, 0x000000070d000000, 0x000000070d000000|100%| E|CS|TAMS 0x000000070ce00000| PB 0x000000070ce00000| Complete 
|  62|0x000000070d000000, 0x000000070d200000, 0x000000070d200000|100%| E|CS|TAMS 0x000000070d000000| PB 0x000000070d000000| Complete 
|  63|0x000000070d200000, 0x000000070d400000, 0x000000070d400000|100%| E|CS|TAMS 0x000000070d200000| PB 0x000000070d200000| Complete 
|  64|0x000000070d400000, 0x000000070d600000, 0x000000070d600000|100%| E|CS|TAMS 0x000000070d400000| PB 0x000000070d400000| Complete 
|  65|0x000000070d600000, 0x000000070d800000, 0x000000070d800000|100%| E|CS|TAMS 0x000000070d600000| PB 0x000000070d600000| Complete 
|  66|0x000000070d800000, 0x000000070da00000, 0x000000070da00000|100%| E|CS|TAMS 0x000000070d800000| PB 0x000000070d800000| Complete 
|  67|0x000000070da00000, 0x000000070dc00000, 0x000000070dc00000|100%| E|CS|TAMS 0x000000070da00000| PB 0x000000070da00000| Complete 
|  68|0x000000070dc00000, 0x000000070de00000, 0x000000070de00000|100%| E|CS|TAMS 0x000000070dc00000| PB 0x000000070dc00000| Complete 
|  69|0x000000070de00000, 0x000000070e000000, 0x000000070e000000|100%| E|CS|TAMS 0x000000070de00000| PB 0x000000070de00000| Complete 
|  70|0x000000070e000000, 0x000000070e200000, 0x000000070e200000|100%| E|CS|TAMS 0x000000070e000000| PB 0x000000070e000000| Complete 
|  71|0x000000070e200000, 0x000000070e400000, 0x000000070e400000|100%| E|CS|TAMS 0x000000070e200000| PB 0x000000070e200000| Complete 
| 116|0x0000000713c00000, 0x0000000713e00000, 0x0000000713e00000|100%| E|CS|TAMS 0x0000000713c00000| PB 0x0000000713c00000| Complete 
| 117|0x0000000713e00000, 0x0000000714000000, 0x0000000714000000|100%| E|CS|TAMS 0x0000000713e00000| PB 0x0000000713e00000| Complete 
| 118|0x0000000714000000, 0x0000000714200000, 0x0000000714200000|100%| E|CS|TAMS 0x0000000714000000| PB 0x0000000714000000| Complete 
| 124|0x0000000714c00000, 0x0000000714e00000, 0x0000000714e00000|100%| E|CS|TAMS 0x0000000714c00000| PB 0x0000000714c00000| Complete 
| 125|0x0000000714e00000, 0x0000000715000000, 0x0000000715000000|100%| E|CS|TAMS 0x0000000714e00000| PB 0x0000000714e00000| Complete 

Card table byte_map: [0x000002455add0000,0x000002455b5b0000] _byte_map_base: 0x00000245575a6000

Marking Bits: (CMBitMap*) 0x0000024547958740
 Bits: [0x000002455b5b0000, 0x000002455f460000)

Polling page: 0x0000024545a40000

Metaspace:

Usage:
  Non-class:     35.36 MB used.
      Class:      4.45 MB used.
       Both:     39.81 MB used.

Virtual space:
  Non-class space:       64.00 MB reserved,      35.56 MB ( 56%) committed,  1 nodes.
      Class space:        1.00 GB reserved,       4.62 MB ( <1%) committed,  1 nodes.
             Both:        1.06 GB reserved,      40.19 MB (  4%) committed. 

Chunk freelists:
   Non-Class:  12.47 MB
       Class:  11.22 MB
        Both:  23.69 MB

MaxMetaspaceSize: unlimited
CompressedClassSpaceSize: 1.00 GB
Initial GC threshold: 21.00 MB
Current GC threshold: 54.31 MB
CDS: off
 - commit_granule_bytes: 65536.
 - commit_granule_words: 8192.
 - virtual_space_node_default_size: 8388608.
 - enlarge_chunks_in_place: 1.
 - use_allocation_guard: 0.


Internal statistics:

num_allocs_failed_limit: 3.
num_arena_births: 456.
num_arena_deaths: 0.
num_vsnodes_births: 2.
num_vsnodes_deaths: 0.
num_space_committed: 643.
num_space_uncommitted: 0.
num_chunks_returned_to_freelist: 3.
num_chunks_taken_from_freelist: 1137.
num_chunk_merges: 0.
num_chunk_splits: 710.
num_chunks_enlarged: 466.
num_inconsistent_stats: 0.

CodeHeap 'non-profiled nmethods': size=119168Kb used=11149Kb max_used=11149Kb free=108018Kb
 bounds [0x0000024552910000, 0x0000024553400000, 0x0000024559d70000]
CodeHeap 'profiled nmethods': size=119104Kb used=23488Kb max_used=23488Kb free=95615Kb
 bounds [0x000002454ad70000, 0x000002454c470000, 0x00000245521c0000]
CodeHeap 'non-nmethods': size=7488Kb used=1858Kb max_used=3596Kb free=5629Kb
 bounds [0x00000245521c0000, 0x0000024552550000, 0x0000024552910000]
 total_blobs=11506 nmethods=10645 adapters=763
 compilation: enabled
              stopped_count=0, restarted_count=0
 full_count=0

Compilation events (20 events):
Event: 3713.153 Thread 0x00000245625479f0 10858       1       com.cburch.logisim.gui.menu.LogisimMenuBar::getSimulationProject (5 bytes)
Event: 3713.153 Thread 0x00000245625479f0 nmethod 10858 0x00000245533dd610 code [0x00000245533dd7a0, 0x00000245533dd870]
Event: 3713.157 Thread 0x0000024562542e30 10859       4       sun.java2d.pipe.PixelToParallelogramConverter::drawRectangle (359 bytes)
Event: 3713.161 Thread 0x0000024562542e30 nmethod 10859 0x00000245533dd910 code [0x00000245533ddb60, 0x00000245533de2d8]
Event: 3714.708 Thread 0x00000245625479f0 10860       3       com.cburch.logisim.gui.menu.MenuSimulate$MyListener::updateSimulator (115 bytes)
Event: 3714.709 Thread 0x00000245625479f0 nmethod 10860 0x000002454c45e590 code [0x000002454c45e840, 0x000002454c45f888]
Event: 3721.780 Thread 0x0000024562542e30 10861       4       com.cburch.logisim.std.base.TextAttributes::getValue (62 bytes)
Event: 3721.781 Thread 0x0000024562542e30 nmethod 10861 0x00000245533de790 code [0x00000245533de920, 0x00000245533dea48]
Event: 3736.908 Thread 0x0000024562542e30 10862       4       sun.java2d.pipe.ValidatePipe::drawString (23 bytes)
Event: 3736.922 Thread 0x0000024562542e30 nmethod 10862 0x00000245533deb10 code [0x00000245533dede0, 0x00000245533dfb60]
Event: 3758.128 Thread 0x00000245625479f0 10864       3       sun.font.GlyphLayout::init (19 bytes)
Event: 3758.128 Thread 0x0000024562542e30 10863   !   4       sun.font.GlyphLayout::layout (683 bytes)
Event: 3758.129 Thread 0x00000245625479f0 nmethod 10864 0x000002454c45fe90 code [0x000002454c460040, 0x000002454c460190]
Event: 3758.636 Thread 0x0000024562542e30 nmethod 10863 0x00000245533e0390 code [0x00000245533e0da0, 0x00000245533ead28]
Event: 3758.636 Thread 0x0000024562542e30 10865       4       sun.font.GlyphLayout$GVData::createGlyphVector (299 bytes)
Event: 3758.690 Thread 0x0000024562542e30 nmethod 10865 0x00000245533f0490 code [0x00000245533f0780, 0x00000245533f21a8]
Event: 3758.691 Thread 0x0000024562542e30 10866       4       sun.awt.geom.Order3::<init> (236 bytes)
Event: 3758.692 Thread 0x0000024562542e30 nmethod 10866 0x00000245533f2e90 code [0x00000245533f3040, 0x00000245533f3320]
Event: 3800.100 Thread 0x0000024562542e30 10867       4       java.awt.Component::getFocusTraversalKeys_NoIDCheck (47 bytes)
Event: 3800.101 Thread 0x0000024562542e30 nmethod 10867 0x00000245533f3410 code [0x00000245533f35a0, 0x00000245533f36b8]

GC Heap History (20 events):
Event: 1346.378 GC heap before
{Heap before GC invocations=20 (full 0):
 garbage-first heap   total 157696K, used 121063K [0x0000000705400000, 0x0000000800000000)
  region size 2048K, 46 young (94208K), 3 survivors (6144K)
 Metaspace       used 40225K, committed 40576K, reserved 1114112K
  class space    used 4549K, committed 4736K, reserved 1048576K
}
Event: 1346.381 GC heap after
{Heap after GC invocations=21 (full 0):
 garbage-first heap   total 157696K, used 34828K [0x0000000705400000, 0x0000000800000000)
  region size 2048K, 3 young (6144K), 3 survivors (6144K)
 Metaspace       used 40225K, committed 40576K, reserved 1114112K
  class space    used 4549K, committed 4736K, reserved 1048576K
}
Event: 1488.588 GC heap before
{Heap before GC invocations=21 (full 0):
 garbage-first heap   total 157696K, used 122892K [0x0000000705400000, 0x0000000800000000)
  region size 2048K, 46 young (94208K), 3 survivors (6144K)
 Metaspace       used 40349K, committed 40704K, reserved 1114112K
  class space    used 4550K, committed 4736K, reserved 1048576K
}
Event: 1488.592 GC heap after
{Heap after GC invocations=22 (full 0):
 garbage-first heap   total 157696K, used 34888K [0x0000000705400000, 0x0000000800000000)
  region size 2048K, 3 young (6144K), 3 survivors (6144K)
 Metaspace       used 40349K, committed 40704K, reserved 1114112K
  class space    used 4550K, committed 4736K, reserved 1048576K
}
Event: 1752.119 GC heap before
{Heap before GC invocations=22 (full 0):
 garbage-first heap   total 157696K, used 122952K [0x0000000705400000, 0x0000000800000000)
  region size 2048K, 46 young (94208K), 3 survivors (6144K)
 Metaspace       used 40406K, committed 40832K, reserved 1114112K
  class space    used 4550K, committed 4736K, reserved 1048576K
}
Event: 1752.123 GC heap after
{Heap after GC invocations=23 (full 0):
 garbage-first heap   total 157696K, used 33805K [0x0000000705400000, 0x0000000800000000)
  region size 2048K, 2 young (4096K), 2 survivors (4096K)
 Metaspace       used 40406K, committed 40832K, reserved 1114112K
  class space    used 4550K, committed 4736K, reserved 1048576K
}
Event: 1969.932 GC heap before
{Heap before GC invocations=23 (full 0):
 garbage-first heap   total 157696K, used 123917K [0x0000000705400000, 0x0000000800000000)
  region size 2048K, 46 young (94208K), 2 survivors (4096K)
 Metaspace       used 40478K, committed 40832K, reserved 1114112K
  class space    used 4550K, committed 4736K, reserved 1048576K
}
Event: 1969.939 GC heap after
{Heap after GC invocations=24 (full 0):
 garbage-first heap   total 157696K, used 34106K [0x0000000705400000, 0x0000000800000000)
  region size 2048K, 3 young (6144K), 3 survivors (6144K)
 Metaspace       used 40478K, committed 40832K, reserved 1114112K
  class space    used 4550K, committed 4736K, reserved 1048576K
}
Event: 2334.568 GC heap before
{Heap before GC invocations=24 (full 0):
 garbage-first heap   total 157696K, used 122170K [0x0000000705400000, 0x0000000800000000)
  region size 2048K, 46 young (94208K), 3 survivors (6144K)
 Metaspace       used 40556K, committed 40960K, reserved 1114112K
  class space    used 4550K, committed 4736K, reserved 1048576K
}
Event: 2334.572 GC heap after
{Heap after GC invocations=25 (full 0):
 garbage-first heap   total 157696K, used 34224K [0x0000000705400000, 0x0000000800000000)
  region size 2048K, 2 young (4096K), 2 survivors (4096K)
 Metaspace       used 40556K, committed 40960K, reserved 1114112K
  class space    used 4550K, committed 4736K, reserved 1048576K
}
Event: 2628.589 GC heap before
{Heap before GC invocations=25 (full 0):
 garbage-first heap   total 157696K, used 124336K [0x0000000705400000, 0x0000000800000000)
  region size 2048K, 46 young (94208K), 2 survivors (4096K)
 Metaspace       used 40592K, committed 40960K, reserved 1114112K
  class space    used 4551K, committed 4736K, reserved 1048576K
}
Event: 2628.598 GC heap after
{Heap after GC invocations=26 (full 0):
 garbage-first heap   total 157696K, used 34147K [0x0000000705400000, 0x0000000800000000)
  region size 2048K, 2 young (4096K), 2 survivors (4096K)
 Metaspace       used 40592K, committed 40960K, reserved 1114112K
  class space    used 4551K, committed 4736K, reserved 1048576K
}
Event: 3057.582 GC heap before
{Heap before GC invocations=26 (full 0):
 garbage-first heap   total 157696K, used 124259K [0x0000000705400000, 0x0000000800000000)
  region size 2048K, 46 young (94208K), 2 survivors (4096K)
 Metaspace       used 40615K, committed 40960K, reserved 1114112K
  class space    used 4551K, committed 4736K, reserved 1048576K
}
Event: 3057.591 GC heap after
{Heap after GC invocations=27 (full 0):
 garbage-first heap   total 157696K, used 34283K [0x0000000705400000, 0x0000000800000000)
  region size 2048K, 1 young (2048K), 1 survivors (2048K)
 Metaspace       used 40615K, committed 40960K, reserved 1114112K
  class space    used 4551K, committed 4736K, reserved 1048576K
}
Event: 3274.378 GC heap before
{Heap before GC invocations=27 (full 0):
 garbage-first heap   total 157696K, used 126443K [0x0000000705400000, 0x0000000800000000)
  region size 2048K, 46 young (94208K), 1 survivors (2048K)
 Metaspace       used 40664K, committed 41024K, reserved 1114112K
  class space    used 4551K, committed 4736K, reserved 1048576K
}
Event: 3274.381 GC heap after
{Heap after GC invocations=28 (full 0):
 garbage-first heap   total 157696K, used 34258K [0x0000000705400000, 0x0000000800000000)
  region size 2048K, 1 young (2048K), 1 survivors (2048K)
 Metaspace       used 40664K, committed 41024K, reserved 1114112K
  class space    used 4551K, committed 4736K, reserved 1048576K
}
Event: 3656.259 GC heap before
{Heap before GC invocations=28 (full 0):
 garbage-first heap   total 157696K, used 126418K [0x0000000705400000, 0x0000000800000000)
  region size 2048K, 46 young (94208K), 1 survivors (2048K)
 Metaspace       used 40729K, committed 41152K, reserved 1114112K
  class space    used 4552K, committed 4736K, reserved 1048576K
}
Event: 3656.261 GC heap after
{Heap after GC invocations=29 (full 0):
 garbage-first heap   total 157696K, used 34398K [0x0000000705400000, 0x0000000800000000)
  region size 2048K, 1 young (2048K), 1 survivors (2048K)
 Metaspace       used 40729K, committed 41152K, reserved 1114112K
  class space    used 4552K, committed 4736K, reserved 1048576K
}
Event: 3682.846 GC heap before
{Heap before GC invocations=29 (full 0):
 garbage-first heap   total 157696K, used 126558K [0x0000000705400000, 0x0000000800000000)
  region size 2048K, 46 young (94208K), 1 survivors (2048K)
 Metaspace       used 40758K, committed 41152K, reserved 1114112K
  class space    used 4552K, committed 4736K, reserved 1048576K
}
Event: 3682.850 GC heap after
{Heap after GC invocations=30 (full 0):
 garbage-first heap   total 157696K, used 34295K [0x0000000705400000, 0x0000000800000000)
  region size 2048K, 1 young (2048K), 1 survivors (2048K)
 Metaspace       used 40758K, committed 41152K, reserved 1114112K
  class space    used 4552K, committed 4736K, reserved 1048576K
}

Dll operation events (10 events):
Event: 0.012 Loaded shared library C:\Program Files\logisim-evolution\runtime\bin\java.dll
Event: 0.174 Loaded shared library C:\Program Files\logisim-evolution\runtime\bin\net.dll
Event: 0.181 Loaded shared library C:\Program Files\logisim-evolution\runtime\bin\nio.dll
Event: 0.221 Loaded shared library C:\Program Files\logisim-evolution\runtime\bin\zip.dll
Event: 0.288 Loaded shared library C:\Program Files\logisim-evolution\runtime\bin\awt.dll
Event: 0.360 Loaded shared library C:\Program Files\logisim-evolution\runtime\bin\jimage.dll
Event: 0.577 Loaded shared library C:\Program Files\logisim-evolution\runtime\bin\prefs.dll
Event: 1.071 Loaded shared library C:\Program Files\logisim-evolution\runtime\bin\freetype.dll
Event: 1.074 Loaded shared library C:\Program Files\logisim-evolution\runtime\bin\fontmanager.dll
Event: 1.470 Loaded shared library C:\Users\othma\AppData\Local\Temp\flatlaf.temp\flatlaf-windows-x86_64-1228284832025000.dll

Deoptimization events (20 events):
Event: 3657.481 Thread 0x00000245683643d0 DEOPT PACKING pc=0x0000024553340ecc sp=0x00000052048fdd00
Event: 3657.481 Thread 0x00000245683643d0 DEOPT UNPACKING pc=0x00000245522146a2 sp=0x00000052048fdc80 mode 2
Event: 3674.864 Thread 0x00000245683643d0 DEOPT PACKING pc=0x000002454bcac396 sp=0x00000052048fe3b0
Event: 3674.864 Thread 0x00000245683643d0 DEOPT UNPACKING pc=0x0000024552214e42 sp=0x00000052048fd8e0 mode 0
Event: 3677.469 Thread 0x00000245683643d0 Uncommon trap: trap_request=0xffffff6e fr.pc=0x00000245533708f8 relative=0x0000000000001598
Event: 3677.469 Thread 0x00000245683643d0 Uncommon trap: reason=loop_limit_check action=maybe_recompile pc=0x00000245533708f8 method=javax.swing.LayoutComparator.compare(Ljava/awt/Component;Ljava/awt/Component;)I @ 145 c2
Event: 3677.469 Thread 0x00000245683643d0 DEOPT PACKING pc=0x00000245533708f8 sp=0x00000052048fdb20
Event: 3677.469 Thread 0x00000245683643d0 DEOPT UNPACKING pc=0x00000245522146a2 sp=0x00000052048fdaf0 mode 2
Event: 3686.247 Thread 0x00000245683643d0 Uncommon trap: trap_request=0xffffffc6 fr.pc=0x00000245530e8838 relative=0x0000000000005c18
Event: 3686.247 Thread 0x00000245683643d0 Uncommon trap: reason=bimorphic_or_optimized_type_check action=maybe_recompile pc=0x00000245530e8838 method=java.awt.DefaultKeyboardFocusManager.dispatchEvent(Ljava/awt/AWTEvent;)Z @ 474 c2
Event: 3686.248 Thread 0x00000245683643d0 DEOPT PACKING pc=0x00000245530e8838 sp=0x00000052048fe860
Event: 3686.248 Thread 0x00000245683643d0 DEOPT UNPACKING pc=0x00000245522146a2 sp=0x00000052048fe848 mode 2
Event: 3687.352 Thread 0x00000245683643d0 Uncommon trap: trap_request=0xffffffc6 fr.pc=0x00000245530e8838 relative=0x0000000000005c18
Event: 3687.352 Thread 0x00000245683643d0 Uncommon trap: reason=bimorphic_or_optimized_type_check action=maybe_recompile pc=0x00000245530e8838 method=java.awt.DefaultKeyboardFocusManager.dispatchEvent(Ljava/awt/AWTEvent;)Z @ 474 c2
Event: 3687.352 Thread 0x00000245683643d0 DEOPT PACKING pc=0x00000245530e8838 sp=0x00000052048fe860
Event: 3687.352 Thread 0x00000245683643d0 DEOPT UNPACKING pc=0x00000245522146a2 sp=0x00000052048fe848 mode 2
Event: 3748.916 Thread 0x00000245683643d0 Uncommon trap: trap_request=0xffffffc6 fr.pc=0x00000245530e8838 relative=0x0000000000005c18
Event: 3748.916 Thread 0x00000245683643d0 Uncommon trap: reason=bimorphic_or_optimized_type_check action=maybe_recompile pc=0x00000245530e8838 method=java.awt.DefaultKeyboardFocusManager.dispatchEvent(Ljava/awt/AWTEvent;)Z @ 474 c2
Event: 3748.916 Thread 0x00000245683643d0 DEOPT PACKING pc=0x00000245530e8838 sp=0x00000052048fe860
Event: 3748.916 Thread 0x00000245683643d0 DEOPT UNPACKING pc=0x00000245522146a2 sp=0x00000052048fe848 mode 2

Classes loaded (20 events):
Event: 514.412 Loading class javax/swing/JFileChooser$1
Event: 514.412 Loading class javax/swing/JFileChooser$1 done
Event: 514.422 Loading class sun/awt/shell/Win32ShellFolder2$15
Event: 514.422 Loading class sun/awt/shell/Win32ShellFolder2$15 done
Event: 514.430 Loading class java/awt/geom/Line2D$Float
Event: 514.430 Loading class java/awt/geom/Line2D$Float done
Event: 514.432 Loading class java/awt/geom/LineIterator
Event: 514.432 Loading class java/awt/geom/LineIterator done
Event: 519.746 Loading class javax/swing/JToggleButton$1
Event: 519.746 Loading class javax/swing/JToggleButton$1 done
Event: 519.911 Loading class sun/swing/FilePane$DelayedSelectionUpdater
Event: 519.911 Loading class sun/swing/FilePane$DelayedSelectionUpdater done
Event: 609.247 Loading class sun/awt/shell/Win32ShellFolder2$FolderDisposer$1
Event: 609.247 Loading class sun/awt/shell/Win32ShellFolder2$FolderDisposer$1 done
Event: 1090.511 Loading class javax/swing/text/DefaultHighlighter$LayeredHighlightInfo
Event: 1090.511 Loading class javax/swing/text/DefaultHighlighter$HighlightInfo
Event: 1090.511 Loading class javax/swing/text/DefaultHighlighter$HighlightInfo done
Event: 1090.511 Loading class javax/swing/text/DefaultHighlighter$LayeredHighlightInfo done
Event: 1148.027 Loading class javax/swing/event/MenuKeyEvent
Event: 1148.027 Loading class javax/swing/event/MenuKeyEvent done

Classes unloaded (0 events):
No events

Classes redefined (0 events):
No events

Internal exceptions (20 events):
Event: 284.193 Thread 0x000002456948f550 Implicit null exception at 0x0000024552e0d251 to 0x0000024552e0d360
Event: 340.385 Thread 0x00000245671824c0 Implicit null exception at 0x0000024552bb7788 to 0x0000024552bb7dd8
Event: 364.101 Thread 0x00000245683643d0 Implicit null exception at 0x0000024552fafbb7 to 0x0000024552fb0538
Event: 364.110 Thread 0x00000245683643d0 Implicit null exception at 0x0000024552faa2dc to 0x0000024552fac26c
Event: 514.180 Thread 0x00000245683643d0 Implicit null exception at 0x0000024552fbe160 to 0x0000024552fbe530
Event: 514.180 Thread 0x00000245683643d0 Implicit null exception at 0x0000024552fd7e27 to 0x0000024552fd8000
Event: 514.180 Thread 0x00000245683643d0 Exception <a 'java/lang/ClassNotFoundException'{0x00000007140a4010}: com/sun/swing/internal/plaf/metal/resources/spi/metalProvider> (0x00000007140a4010) 
thrown [s\src\hotspot\share\classfile\systemDictionary.cpp, line 312]
Event: 514.204 Thread 0x00000245683643d0 Exception <a 'java/lang/NoSuchMethodError'{0x00000007141032e0}: 'int java.lang.invoke.DirectMethodHandle$Holder.invokeStatic(java.lang.Object, java.lang.Object, java.lang.Object, java.lang.Object)'> (0x00000007141032e0) 
thrown [s\src\hotspot\share\interpreter\linkResolver.cpp, line 773]
Event: 514.215 Thread 0x00000245683643d0 Exception <a 'java/lang/NoSuchMethodError'{0x00000007141827c0}: 'void java.lang.invoke.Invokers$Holder.invokeExact_MT(java.lang.Object, java.lang.Object, java.lang.Object, java.lang.Object)'> (0x00000007141827c0) 
thrown [s\src\hotspot\share\interpreter\linkResolver.cpp, line 773]
Event: 514.291 Thread 0x00000245683643d0 Exception <a 'java/lang/NoSuchMethodError'{0x000000071418f058}: 'int java.lang.invoke.DirectMethodHandle$Holder.invokeSpecial(java.lang.Object, java.lang.Object, java.lang.Object, int)'> (0x000000071418f058) 
thrown [s\src\hotspot\share\interpreter\linkResolver.cpp, line 773]
Event: 514.292 Thread 0x00000245683643d0 Exception <a 'java/lang/NoSuchMethodError'{0x00000007141a0fb0}: 'java.lang.Object java.lang.invoke.DirectMethodHandle$Holder.invokeStatic(java.lang.Object, java.lang.Object, java.lang.Object, java.lang.Object, int)'> (0x00000007141a0fb0) 
thrown [s\src\hotspot\share\interpreter\linkResolver.cpp, line 773]
Event: 514.292 Thread 0x00000245683643d0 Exception <a 'java/lang/NoSuchMethodError'{0x00000007141ac0c8}: 'java.lang.Object java.lang.invoke.DelegatingMethodHandle$Holder.reinvoke_L(java.lang.Object, java.lang.Object, java.lang.Object, int, int)'> (0x00000007141ac0c8) 
thrown [s\src\hotspot\share\interpreter\linkResolver.cpp, line 773]
Event: 514.316 Thread 0x00000245683643d0 Implicit null exception at 0x0000024552abd6c4 to 0x0000024552abd7a4
Event: 1103.552 Thread 0x00000245683643d0 Implicit null exception at 0x0000024552d631c2 to 0x0000024552d637ca
Event: 1103.553 Thread 0x00000245683643d0 Implicit null exception at 0x00000245529b364d to 0x00000245529b39a8
Event: 1894.549 Thread 0x00000245683643d0 Implicit null exception at 0x0000024553264c38 to 0x0000024553265178
Event: 1894.550 Thread 0x00000245683643d0 Implicit null exception at 0x000002455323ce0c to 0x000002455323e318
Event: 3641.518 Thread 0x00000245683643d0 Implicit null exception at 0x00000245532bfe98 to 0x00000245532bff7c
Event: 3641.988 Thread 0x00000245683643d0 Implicit null exception at 0x0000024552ccfc71 to 0x0000024552ccff24
Event: 3641.990 Thread 0x00000245683643d0 Implicit null exception at 0x0000024552cb1a5e to 0x0000024552cb1aa4

ZGC Phase Switch (0 events):
No events

VM Operations (20 events):
Event: 3671.800 Executing VM operation: Cleanup
Event: 3671.800 Executing VM operation: Cleanup done
Event: 3672.805 Executing VM operation: Cleanup
Event: 3672.805 Executing VM operation: Cleanup done
Event: 3674.821 Executing VM operation: Cleanup
Event: 3674.821 Executing VM operation: Cleanup done
Event: 3675.826 Executing VM operation: Cleanup
Event: 3675.826 Executing VM operation: Cleanup done
Event: 3677.838 Executing VM operation: Cleanup
Event: 3677.838 Executing VM operation: Cleanup done
Event: 3682.846 Executing VM operation: G1CollectForAllocation (G1 Evacuation Pause)
Event: 3682.850 Executing VM operation: G1CollectForAllocation (G1 Evacuation Pause) done
Event: 3723.162 Executing VM operation: Cleanup
Event: 3723.162 Executing VM operation: Cleanup done
Event: 3727.996 Executing VM operation: HandshakeAllThreads (HandshakeForDeflation)
Event: 3727.997 Executing VM operation: HandshakeAllThreads (HandshakeForDeflation) done
Event: 3727.997 Executing VM operation: RendezvousGCThreads
Event: 3727.997 Executing VM operation: RendezvousGCThreads done
Event: 3808.604 Executing VM operation: Cleanup
Event: 3808.604 Executing VM operation: Cleanup done

Memory protections (0 events):
No events

Nmethod flushes (20 events):
Event: 3.612 Thread 0x0000024562474f60 flushing  nmethod 0x000002454ae65a90
Event: 3.612 Thread 0x0000024562474f60 flushing  nmethod 0x000002454ae65e10
Event: 3.612 Thread 0x0000024562474f60 flushing  nmethod 0x000002454ae66310
Event: 3.612 Thread 0x0000024562474f60 flushing  nmethod 0x000002454ae66890
Event: 3.612 Thread 0x0000024562474f60 flushing  nmethod 0x000002454ae66f90
Event: 3.612 Thread 0x0000024562474f60 flushing  nmethod 0x000002454ae67890
Event: 3.612 Thread 0x0000024562474f60 flushing  nmethod 0x000002454ae68990
Event: 3.612 Thread 0x0000024562474f60 flushing  nmethod 0x000002454ae69790
Event: 3.612 Thread 0x0000024562474f60 flushing  nmethod 0x000002454ae86690
Event: 3.612 Thread 0x0000024562474f60 flushing  nmethod 0x000002454ae87d90
Event: 3.612 Thread 0x0000024562474f60 flushing  nmethod 0x000002454ae89910
Event: 3.612 Thread 0x0000024562474f60 flushing  nmethod 0x000002454ae89d10
Event: 3.612 Thread 0x0000024562474f60 flushing  nmethod 0x000002454ae8ba90
Event: 3.612 Thread 0x0000024562474f60 flushing  nmethod 0x000002454ae91010
Event: 3.612 Thread 0x0000024562474f60 flushing  nmethod 0x000002454ae91690
Event: 3.612 Thread 0x0000024562474f60 flushing osr nmethod 0x000002454afea110
Event: 3.612 Thread 0x0000024562474f60 flushing  nmethod 0x000002454afebc90
Event: 3.612 Thread 0x0000024562474f60 flushing osr nmethod 0x000002454afed490
Event: 3.612 Thread 0x0000024562474f60 flushing osr nmethod 0x000002454afef710
Event: 3.612 Thread 0x0000024562474f60 flushing  nmethod 0x000002454b008710

Events (20 events):
Event: 1347.569 Thread 0x00000245683643d0 Thread added: 0x000002456948d480
Event: 1347.575 Thread 0x000002456948d480 Thread exited: 0x000002456948d480
Event: 1921.544 Thread 0x00000245625479f0 Thread added: 0x0000024568cf1dc0
Event: 1921.544 Thread 0x00000245625479f0 Thread added: 0x0000024568cf3900
Event: 1921.544 Thread 0x00000245625479f0 Thread added: 0x0000024568cf2490
Event: 1925.141 Thread 0x0000024568cf2490 Thread exited: 0x0000024568cf2490
Event: 1925.142 Thread 0x0000024568cf3900 Thread exited: 0x0000024568cf3900
Event: 1927.340 Thread 0x0000024568cf1dc0 Thread exited: 0x0000024568cf1dc0
Event: 3641.985 Thread 0x00000245683643d0 Thread added: 0x000002456948e1a0
Event: 3641.987 Thread 0x00000245683643d0 Thread added: 0x000002456948eec0
Event: 3651.110 Thread 0x000002456948eec0 Thread exited: 0x000002456948eec0
Event: 3651.110 Thread 0x000002456948e1a0 Thread exited: 0x000002456948e1a0
Event: 3654.280 Thread 0x0000024562542e30 Thread added: 0x0000024568cf2490
Event: 3654.525 Thread 0x0000024568cf2490 Thread exited: 0x0000024568cf2490
Event: 3655.863 Thread 0x00000245683643d0 Thread added: 0x000002456948e1a0
Event: 3663.592 Thread 0x000002456948e1a0 Thread exited: 0x000002456948e1a0
Event: 3674.628 Thread 0x00000245683643d0 Thread added: 0x000002456948e1a0
Event: 3674.631 Thread 0x00000245683643d0 Thread added: 0x000002456948eec0
Event: 3679.819 Thread 0x000002456948e1a0 Thread exited: 0x000002456948e1a0
Event: 3679.819 Thread 0x000002456948eec0 Thread exited: 0x000002456948eec0


Dynamic libraries:
0x00007ff7d7d90000 - 0x00007ff7d7e55000 	C:\Program Files\logisim-evolution\logisim-evolution.exe
0x00007ffc27520000 - 0x00007ffc27787000 	C:\Windows\SYSTEM32\ntdll.dll
0x00007ffc26a80000 - 0x00007ffc26b49000 	C:\Windows\System32\KERNEL32.DLL
0x00007ffc24a90000 - 0x00007ffc24e7f000 	C:\Windows\System32\KERNELBASE.dll
0x00007ffc25da0000 - 0x00007ffc25f65000 	C:\Windows\System32\USER32.dll
0x00007ffc24850000 - 0x00007ffc24877000 	C:\Windows\System32\win32u.dll
0x00007ffc27060000 - 0x00007ffc2708b000 	C:\Windows\System32\GDI32.dll
0x00007ffc24670000 - 0x00007ffc2479c000 	C:\Windows\System32\gdi32full.dll
0x00007ffc25010000 - 0x00007ffc250b3000 	C:\Windows\System32\msvcp_win.dll
0x00007ffc24880000 - 0x00007ffc249cb000 	C:\Windows\System32\ucrtbase.dll
0x00007ffc25ff0000 - 0x00007ffc26743000 	C:\Windows\System32\SHELL32.dll
0x00007ffc250c0000 - 0x00007ffc2522a000 	C:\Windows\System32\wintypes.dll
0x00007ffc27090000 - 0x00007ffc27416000 	C:\Windows\System32\combase.dll
0x00007ffc26f30000 - 0x00007ffc27048000 	C:\Windows\System32\RPCRT4.dll
0x00007ffc252c0000 - 0x00007ffc252f1000 	C:\Windows\System32\IMM32.DLL
0x00007ffc26750000 - 0x00007ffc26845000 	C:\Windows\System32\shcore.dll
0x00007ffc073e0000 - 0x00007ffc073f8000 	C:\Program Files\logisim-evolution\runtime\bin\jli.dll
0x00007ffbf8bc0000 - 0x00007ffbf8e53000 	C:\Windows\WinSxS\amd64_microsoft.windows.common-controls_6595b64144ccf1df_6.0.26100.7309_none_3e05feeae336a044\COMCTL32.dll
0x00007ffc073c0000 - 0x00007ffc073dd000 	C:\Program Files\logisim-evolution\runtime\bin\VCRUNTIME140.dll
0x00007ffc26850000 - 0x00007ffc268f9000 	C:\Windows\System32\msvcrt.dll
0x00007ffc084c0000 - 0x00007ffc084cc000 	C:\Program Files\logisim-evolution\runtime\bin\vcruntime140_1.dll
0x00007ffba4cd0000 - 0x00007ffba4d5d000 	C:\Program Files\logisim-evolution\runtime\bin\msvcp140.dll
0x00007ffb65a50000 - 0x00007ffb667e0000 	C:\Program Files\logisim-evolution\runtime\bin\server\jvm.dll
0x00007ffc27420000 - 0x00007ffc274d4000 	C:\Windows\System32\ADVAPI32.dll
0x00007ffc26b70000 - 0x00007ffc26c16000 	C:\Windows\System32\sechost.dll
0x00007ffc26c70000 - 0x00007ffc26ce4000 	C:\Windows\System32\WS2_32.dll
0x00007ffc244d0000 - 0x00007ffc2452e000 	C:\Windows\SYSTEM32\POWRPROF.dll
0x00007ffc1c9d0000 - 0x00007ffc1c9db000 	C:\Windows\SYSTEM32\VERSION.dll
0x00007ffc1ebf0000 - 0x00007ffc1ec25000 	C:\Windows\SYSTEM32\WINMM.dll
0x00007ffc244b0000 - 0x00007ffc244c4000 	C:\Windows\SYSTEM32\UMPDC.dll
0x00007ffc23420000 - 0x00007ffc2343b000 	C:\Windows\SYSTEM32\kernel.appcore.dll
0x00007ffc073b0000 - 0x00007ffc073ba000 	C:\Program Files\logisim-evolution\runtime\bin\jimage.dll
0x00007ffc21c80000 - 0x00007ffc21ec2000 	C:\Windows\SYSTEM32\DBGHELP.DLL
0x00007ffc25cb0000 - 0x00007ffc25d86000 	C:\Windows\System32\OLEAUT32.dll
0x00007ffc07350000 - 0x00007ffc0738c000 	C:\Windows\SYSTEM32\dbgcore.DLL
0x00007ffc247a0000 - 0x00007ffc24845000 	C:\Windows\System32\bcryptPrimitives.dll
0x00007ffc07390000 - 0x00007ffc073b0000 	C:\Program Files\logisim-evolution\runtime\bin\java.dll
0x00007ffc22270000 - 0x00007ffc22ace000 	C:\Windows\SYSTEM32\windows.storage.dll
0x00007ffc26900000 - 0x00007ffc26966000 	C:\Windows\System32\shlwapi.dll
0x00007ffc24590000 - 0x00007ffc245b9000 	C:\Windows\SYSTEM32\profapi.dll
0x00007ffc05df0000 - 0x00007ffc05e00000 	C:\Program Files\logisim-evolution\runtime\bin\net.dll
0x00007ffc1d9c0000 - 0x00007ffc1dae8000 	C:\Windows\SYSTEM32\WINHTTP.dll
0x00007ffc23990000 - 0x00007ffc239fb000 	C:\Windows\system32\mswsock.dll
0x00007ffbe7390000 - 0x00007ffbe73a6000 	C:\Program Files\logisim-evolution\runtime\bin\nio.dll
0x00007ffbd5de0000 - 0x00007ffbd5df8000 	C:\Program Files\logisim-evolution\runtime\bin\zip.dll
0x00007ffb9d250000 - 0x00007ffb9d3de000 	C:\Program Files\logisim-evolution\runtime\bin\awt.dll
0x00007ffc212d0000 - 0x00007ffc2136f000 	C:\Windows\SYSTEM32\apphelp.dll
0x00007ffc20e60000 - 0x00007ffc20f0b000 	C:\Windows\system32\uxtheme.dll
0x00007ffc25790000 - 0x00007ffc258ee000 	C:\Windows\System32\MSCTF.dll
0x00007ffc26d30000 - 0x00007ffc26ec7000 	C:\Windows\System32\ole32.dll
0x00007ffc216c0000 - 0x00007ffc216f0000 	C:\Windows\system32\DWMAPI.DLL
0x00007ffbe24b0000 - 0x00007ffbe24b9000 	C:\Program Files\logisim-evolution\runtime\bin\prefs.dll
0x00007ffba4bb0000 - 0x00007ffba4cc0000 	C:\Windows\system32\opengl32.dll
0x00007ffbbd510000 - 0x00007ffbbd53d000 	C:\Windows\SYSTEM32\GLU32.dll
0x00007ffc214f0000 - 0x00007ffc21534000 	C:\Windows\SYSTEM32\dxcore.dll
0x00007ffba43d0000 - 0x00007ffba4457000 	C:\Program Files\logisim-evolution\runtime\bin\freetype.dll
0x00007ffba4190000 - 0x00007ffba4272000 	C:\Program Files\logisim-evolution\runtime\bin\fontmanager.dll
0x00007ffc0e550000 - 0x00007ffc0e556000 	C:\Users\othma\AppData\Local\Temp\flatlaf.temp\flatlaf-windows-x86_64-1228284832025000.dll
0x00007ffc212a0000 - 0x00007ffc212c9000 	C:\Windows\system32\Wtsapi32.dll
0x00007ffc24e90000 - 0x00007ffc25007000 	C:\Windows\System32\CRYPT32.dll
0x00007ffc236c0000 - 0x00007ffc23709000 	C:\Windows\SYSTEM32\SspiCli.dll
0x00007ffc24270000 - 0x00007ffc242d4000 	C:\Windows\SYSTEM32\WINSTA.dll
0x00007ffc25bf0000 - 0x00007ffc25ca0000 	C:\Windows\System32\clbcatq.dll
0x00007ffc1f960000 - 0x00007ffc1fb90000 	C:\Windows\SYSTEM32\WindowsCodecs.dll
0x00007ffbe66e0000 - 0x00007ffbe673a000 	C:\Windows\system32\dataexchange.dll
0x00007ffc10930000 - 0x00007ffc10b74000 	C:\Windows\system32\twinapi.appcore.dll
0x00007ffbdf0a0000 - 0x00007ffbdf0a7000 	C:\Program Files\logisim-evolution\runtime\bin\jawt.dll
0x00007ffbed690000 - 0x00007ffbed7d8000 	C:\Windows\SYSTEM32\textinputframework.dll
0x00007ffc20d30000 - 0x00007ffc20e57000 	C:\Windows\SYSTEM32\CoreMessaging.dll
0x00007ffc1b600000 - 0x00007ffc1b8e2000 	C:\Windows\SYSTEM32\CoreUIComponents.dll
0x00007ffc23c70000 - 0x00007ffc23c7c000 	C:\Windows\SYSTEM32\CRYPTBASE.DLL
0x00007ffc0abe0000 - 0x00007ffc0ac94000 	C:\Windows\WinSxS\amd64_microsoft.windows.common-controls_6595b64144ccf1df_5.82.26100.7309_none_87ef0e2f7a2c9771\comctl32.dll
0x00007ffc241b0000 - 0x00007ffc24207000 	C:\Windows\SYSTEM32\CFGMGR32.dll
0x00007ffc1f220000 - 0x00007ffc1f323000 	C:\Windows\system32\propsys.dll
0x00007ffc0dd00000 - 0x00007ffc0ddbc000 	C:\Windows\System32\Windows.FileExplorer.Common.dll
0x00007ffbe17a0000 - 0x00007ffbe17bb000 	C:\Windows\system32\NetworkExplorer.dll
0x00007ffbe6440000 - 0x00007ffbe6574000 	C:\Windows\system32\Windows.Storage.Search.dll
0x00007ffbe6990000 - 0x00007ffbe6b0a000 	C:\Windows\System32\Windows.System.Launcher.dll
0x00007ffc04600000 - 0x00007ffc0461a000 	C:\Windows\SYSTEM32\windows.staterepositorycore.dll
0x00007ffbfbd70000 - 0x00007ffbfbe2d000 	C:\Windows\System32\StructuredQuery.dll
0x00007ffbfbab0000 - 0x00007ffbfbd4e000 	C:\Windows\System32\icu.dll
0x00007ffbe6600000 - 0x00007ffbe66c9000 	C:\Windows\System32\OneCoreCommonProxyStub.dll
0x00007ffbd9900000 - 0x00007ffbd996f000 	C:\Windows\System32\thumbcache.dll
0x00007ffbde4f0000 - 0x00007ffbde53f000 	C:\Windows\System32\vaultcli.dll
0x00007ffbfdc00000 - 0x00007ffbfdc21000 	C:\Windows\SYSTEM32\MPR.dll
0x00007ffbe2310000 - 0x00007ffbe2332000 	C:\Windows\System32\p9np.dll
0x00007ffc0ddc0000 - 0x00007ffc0ddcd000 	C:\Windows\System32\drprov.dll
0x00007ffbe2190000 - 0x00007ffbe21b5000 	C:\Windows\System32\ntlanman.dll
0x00007ffbe20f0000 - 0x00007ffbe2111000 	C:\Windows\System32\davclnt.dll
0x00007ffc1b5e0000 - 0x00007ffc1b5fb000 	C:\Windows\System32\wkscli.dll
0x00007ffbf3860000 - 0x00007ffbf3873000 	C:\Windows\SYSTEM32\cscapi.dll
0x00007ffc22c60000 - 0x00007ffc22c6d000 	C:\Windows\System32\netutils.dll
0x00007ffc05ee0000 - 0x00007ffc05f32000 	C:\Windows\System32\dlnashext.dll
0x00007ffba36c0000 - 0x00007ffba371c000 	C:\Windows\System32\PlayToDevice.dll
0x00007ffbdf1e0000 - 0x00007ffbdf20f000 	C:\Windows\System32\DevDispItemProvider.dll
0x00007ffc1c480000 - 0x00007ffc1c517000 	C:\Windows\System32\MMDevApi.dll
0x00007ffc24210000 - 0x00007ffc2423d000 	C:\Windows\System32\DEVOBJ.dll
0x00007ffba3610000 - 0x00007ffba36b4000 	C:\Windows\system32\wpdshext.dll
0x00007ffbed9b0000 - 0x00007ffbedb89000 	C:\Windows\WinSxS\amd64_microsoft.windows.gdiplus_6595b64144ccf1df_1.1.26100.7309_none_6ef0f1d03dc91a12\gdiplus.dll
0x00007ffbd3760000 - 0x00007ffbd37fd000 	C:\Windows\System32\PortableDeviceApi.dll
0x00007ffc25300000 - 0x00007ffc2578a000 	C:\Windows\System32\SETUPAPI.dll
0x00007ffc25230000 - 0x00007ffc252b0000 	C:\Windows\System32\WINTRUST.dll
0x00007ffc23cc0000 - 0x00007ffc23cd3000 	C:\Windows\SYSTEM32\MSASN1.dll
0x00007ffbd6900000 - 0x00007ffbd6938000 	C:\Windows\System32\EhStorShell.dll
0x00007ffc05eb0000 - 0x00007ffc05ed5000 	C:\Windows\System32\EhStorAPI.dll
0x00007ffc03cf0000 - 0x00007ffc03d9d000 	C:\Windows\System32\appresolver.dll
0x00007ffbe67b0000 - 0x00007ffbe67bf000 	C:\Windows\SYSTEM32\LINKINFO.dll
0x00007ffc21290000 - 0x00007ffc2129d000 	C:\Windows\SYSTEM32\Secur32.dll
0x00007ffbf7620000 - 0x00007ffbf7738000 	C:\Windows\System32\MrmCoreR.dll
0x00007ffbfd620000 - 0x00007ffbfd8e5000 	C:\Windows\System32\iertutil.dll
0x00007ffbfd5f0000 - 0x00007ffbfd619000 	C:\Windows\System32\srvcli.dll
0x00007ffbf7130000 - 0x00007ffbf7176000 	C:\Windows\SYSTEM32\windows.staterepositoryclient.dll
0x00007ffbebe90000 - 0x00007ffbebec4000 	C:\Windows\System32\bcp47mrm.dll
0x00007ffbec0c0000 - 0x00007ffbec212000 	C:\Windows\System32\Windows.UI.dll
0x00007ffbe81f0000 - 0x00007ffbe82b4000 	C:\Windows\System32\Windows.StateRepositoryPS.dll
0x00007ffbd7340000 - 0x00007ffbd7604000 	C:\Program Files\Microsoft OneDrive\25.243.1211.0001\FileSyncShell64.dll
0x00007ffc24560000 - 0x00007ffc2458a000 	C:\Windows\SYSTEM32\bcrypt.dll
0x00007ffbffbf0000 - 0x00007ffbffe78000 	C:\Windows\SYSTEM32\WININET.dll
0x00007ffc23a40000 - 0x00007ffc23a6b000 	C:\Windows\SYSTEM32\USERENV.dll
0x00007ffbd6f70000 - 0x00007ffbd730a000 	C:\Program Files\Microsoft Office\root\Office16\GROOVEEX.DLL
0x00007ffbf8e60000 - 0x00007ffbf91ab000 	C:\Windows\SYSTEM32\msi.dll
0x000002456e780000 - 0x000002456f014000 	C:\Program Files\Microsoft Office\root\Office16\1036\GrooveIntlResource.dll
0x00007ffc0df10000 - 0x00007ffc0e539000 	C:\Windows\system32\windowsudk.shellcommon.dll
0x00007ffbe4420000 - 0x00007ffbe4979000 	C:\Windows\System32\StartTileData.dll
0x00007ffc0dc00000 - 0x00007ffc0dc87000 	C:\Windows\System32\MDMRegistration.DLL
0x00007ffbe9ea0000 - 0x00007ffbe9ff0000 	C:\Windows\System32\Windows.UI.Immersive.dll
0x00007ffc10260000 - 0x00007ffc108af000 	C:\Windows\System32\OneCoreUAPCommonProxyStub.dll

dbghelp: loaded successfully - version: 4.0.5 - missing functions: none
symbol engine: initialized successfully - sym options: 0x614 - pdb path: .;C:\Program Files\logisim-evolution;C:\Windows\SYSTEM32;C:\Program Files\logisim-evolution\runtime\bin;C:\Windows\WinSxS\amd64_microsoft.windows.common-controls_6595b64144ccf1df_6.0.26100.7309_none_3e05feeae336a044;C:\Program Files\logisim-evolution\runtime\bin\server;C:\Users\othma\AppData\Local\Temp\flatlaf.temp;C:\Windows\WinSxS\amd64_microsoft.windows.common-controls_6595b64144ccf1df_5.82.26100.7309_none_87ef0e2f7a2c9771;C:\Windows\WinSxS\amd64_microsoft.windows.gdiplus_6595b64144ccf1df_1.1.26100.7309_none_6ef0f1d03dc91a12;C:\Program Files\Microsoft OneDrive\25.243.1211.0001;C:\Program Files\Microsoft Office\root\Office16;C:\Program Files\Microsoft Office\root\Office16\1036

VM Arguments:
jvm_args: -Djpackage.app-version=4.0.0 -Djpackage.app-path=C:\Program Files\logisim-evolution\logisim-evolution.exe 
java_command: com.cburch.logisim.Main C:\Users\othma\PARM\Machine_Logisim3.circ
java_class_path (initial): C:\Program Files\logisim-evolution\app\logisim-evolution-4.0.0-all.jar
Launcher Type: SUN_STANDARD

[Global flags]
     intx CICompilerCount                          = 12                                        {product} {ergonomic}
     uint ConcGCThreads                            = 3                                         {product} {ergonomic}
     uint G1ConcRefinementThreads                  = 13                                        {product} {ergonomic}
   size_t G1HeapRegionSize                         = 2097152                                   {product} {ergonomic}
    uintx GCDrainStackTargetSize                   = 64                                        {product} {ergonomic}
   size_t InitialHeapSize                          = 264241152                                 {product} {ergonomic}
   size_t MarkStackSize                            = 4194304                                   {product} {ergonomic}
   size_t MaxHeapSize                              = 4206886912                                {product} {ergonomic}
   size_t MaxNewSize                               = 2522873856                                {product} {ergonomic}
   size_t MinHeapDeltaBytes                        = 2097152                                   {product} {ergonomic}
   size_t MinHeapSize                              = 8388608                                   {product} {ergonomic}
    uintx NonNMethodCodeHeapSize                   = 7602480                                {pd product} {ergonomic}
    uintx NonProfiledCodeHeapSize                  = 122027880                              {pd product} {ergonomic}
    uintx ProfiledCodeHeapSize                     = 122027880                              {pd product} {ergonomic}
    uintx ReservedCodeCacheSize                    = 251658240                              {pd product} {ergonomic}
     bool SegmentedCodeCache                       = true                                      {product} {ergonomic}
   size_t SoftMaxHeapSize                          = 4206886912                             {manageable} {ergonomic}
     bool UseCompressedOops                        = true                           {product lp64_product} {ergonomic}
     bool UseG1GC                                  = true                                      {product} {ergonomic}
     bool UseLargePagesIndividualAllocation        = false                                  {pd product} {ergonomic}

Logging:
Log output configuration:
 #0: stdout all=warning uptime,level,tags foldmultilines=false
 #1: stderr all=off uptime,level,tags foldmultilines=false

Environment Variables:
PATH=C:\Windows\system32;C:\Windows;C:\Windows\System32\Wbem;C:\Windows\System32\WindowsPowerShell\v1.0\;C:\Windows\System32\OpenSSH\;C:\Program Files\Git\cmd;C:\Users\othma\AppData\Local\Microsoft\WindowsApps;C:\Users\othma\AppData\Local\Programs\Microsoft VS Code\bin;C:\Program Files\logisim-evolution\app
USERNAME=othma
OS=Windows_NT
PROCESSOR_IDENTIFIER=Intel64 Family 6 Model 186 Stepping 2, GenuineIntel
TMP=C:\Users\othma\AppData\Local\Temp
TEMP=C:\Users\othma\AppData\Local\Temp




Periodic native trim disabled

---------------  S Y S T E M  ---------------

OS:
 Windows 11 , 64 bit Build 26100 (10.0.26100.7623)
OS uptime: 1 days 11:22 hours
Hyper-V role detected

CPU: total 16 (initial active 16) (8 cores per cpu, 2 threads per core) family 6 model 186 stepping 2 microcode 0x4121, cx8, cmov, fxsr, ht, mmx, 3dnowpref, sse, sse2, sse3, ssse3, sse4.1, sse4.2, popcnt, lzcnt, tsc, tscinvbit, avx, avx2, aes, erms, clmul, bmi1, bmi2, adx, sha, fma, vzeroupper, clflush, clflushopt, clwb, hv, serialize, rdtscp, rdpid, fsrm, f16c, cet_ibt, cet_ss
Processor Information for processor 0
  Max Mhz: 2400, Current Mhz: 2400, Mhz Limit: 2400
Processor Information for processor 1
  Max Mhz: 2400, Current Mhz: 2400, Mhz Limit: 2400
Processor Information for processor 2
  Max Mhz: 2400, Current Mhz: 2400, Mhz Limit: 2400
Processor Information for processor 3
  Max Mhz: 2400, Current Mhz: 2400, Mhz Limit: 2400
Processor Information for processor 4
  Max Mhz: 2400, Current Mhz: 2400, Mhz Limit: 2400
Processor Information for processor 5
  Max Mhz: 2400, Current Mhz: 2400, Mhz Limit: 2400
Processor Information for processor 6
  Max Mhz: 2400, Current Mhz: 2400, Mhz Limit: 2400
Processor Information for processor 7
  Max Mhz: 2400, Current Mhz: 2400, Mhz Limit: 2400
Processor Information for processor 8
  Max Mhz: 2400, Current Mhz: 2400, Mhz Limit: 2400
Processor Information for processor 9
  Max Mhz: 2400, Current Mhz: 2400, Mhz Limit: 2400
Processor Information for processor 10
  Max Mhz: 2400, Current Mhz: 2400, Mhz Limit: 2400
Processor Information for processor 11
  Max Mhz: 2400, Current Mhz: 2400, Mhz Limit: 2400
Processor Information for processor 12
  Max Mhz: 2400, Current Mhz: 1466, Mhz Limit: 2400
Processor Information for processor 13
  Max Mhz: 2400, Current Mhz: 1466, Mhz Limit: 2400
Processor Information for processor 14
  Max Mhz: 2400, Current Mhz: 1466, Mhz Limit: 2400
Processor Information for processor 15
  Max Mhz: 2400, Current Mhz: 2400, Mhz Limit: 2400

Memory: 4k page, system-wide physical 16044M (3891M free)
TotalPageFile size 30380M (AvailPageFile size 9818M)
current process WorkingSet (physical memory assigned to process): 262M, peak: 337M
current process commit charge ("private bytes"): 373M, peak: 394M

vm_info: OpenJDK 64-Bit Server VM (21.0.4+7-LTS) for windows-amd64 JRE (21.0.4+7-LTS), built on 2024-07-16T17:40:50Z by "MicrosoftCorporation" with unknown MS VC++:1939

END.
